[+] Containers:
 |- [+] Container: /Game/GameContent/Scenes/Level1
 |   |- [+] ActorDescs:
 |   |   |- Guid:00CD31824C8BE51525C9DD9F14095D8D BaseClass:/Game/GameContent/Objects/Pickups/BP_Pickup_Ammo.BP_Pickup_Ammo_C NativeClass:/Script/Engine.Actor Name:BP_Pickup_Ammo_C_UAID_A8A159100C21432802_1551666534 Label:BP_Pickup_Ammo2 SpatiallyLoaded:1 Bounds:IsValid=true, Min=(X=517.500 Y=1317.500 Z=0.000), Max=(X=542.500 Y=1342.500 Z=100.000) RuntimeGrid:None EditorOnly:0 RuntimeOnly:0 HLODRelevant:0 ListedInSceneOutliner:1 IsMainWorldOnly:0
 |   |   |- Guid:0B2A1A7C46A32908913E07BB811D3FE5 BaseClass: NativeClass:/Script/Engine.SkyLight Name:SkyLight_0 Label:SkyLight SpatiallyLoaded:0 Bounds:IsValid=true, Min=(X=4150.000 Y=0.000 Z=690.000), Max=(X=4150.000 Y=0.000 Z=690.000) RuntimeGrid:None EditorOnly:0 RuntimeOnly:0 HLODRelevant:0 ListedInSceneOutliner:1 IsMainWorldOnly:0 FolderPath:Lighting FolderGuid:0BA5F0A04EADB18E70D5B180D08FA34B
 |   |   |- Guid:1662CE17407C2C91C00FF0A62E5B0011 BaseClass: NativeClass:/Script/Engine.StaticMeshActor Name:StaticMeshActor_UAID_A8A159100C21682802_1938101049 Label:SM_Cube9 SpatiallyLoaded:1 Bounds:IsValid=true, Min=(X=4090.000 Y=940.000 Z=0.000), Max=(X=4190.000 Y=1040.000 Z=100.000) RuntimeGrid:None EditorOnly:0 RuntimeOnly:0 HLODRelevant:1 ListedInSceneOutliner:1 IsMainWorldOnly:0
 |   |   |- Guid:1CC84181446D17BE4C17A3A1D3A8EE7E BaseClass: NativeClass:/Script/Engine.StaticMeshActor Name:StaticMeshActor_UAID_A8A159100C21682802_1938099048 Label:SM_Cube8 SpatiallyLoaded:1 Bounds:IsValid=true, Min=(X=3990.000 Y=940.000 Z=0.000), Max=(X=4090.000 Y=1040.000 Z=100.000) RuntimeGrid:None EditorOnly:0 RuntimeOnly:0 HLODRelevant:1 ListedInSceneOutliner:1 IsMainWorldOnly:0
 |   |   |- Guid:1D9BF5324CC56D3C165A5D9C9F3E2D6D BaseClass: NativeClass:/Script/Engine.StaticMeshActor Name:StaticMeshActor_UAID_A8A159100C21682802_2098992064 Label:SM_Cube23 SpatiallyLoaded:1 Bounds:IsValid=true, Min=(X=4500.000 Y=940.000 Z=300.000), Max=(X=4600.000 Y=1040.000 Z=400.000) RuntimeGrid:None EditorOnly:0 RuntimeOnly:0 HLODRelevant:1 ListedInSceneOutliner:1 IsMainWorldOnly:0
 |   |   |- Guid:1E01EB4848C7B196ECC4E4BCF11BD3E2 BaseClass:/Game/FirstPerson/Blueprints/BP_Pickup_Rifle.BP_Pickup_Rifle_C NativeClass:/Script/Engine.Actor Name:BP_Rifle_C_1 Label:BP_Pickup_Rifle SpatiallyLoaded:1 Bounds:IsValid=true, Min=(X=3418.000 Y=858.000 Z=64.000), Max=(X=3482.000 Y=947.440 Z=128.000) RuntimeGrid:None EditorOnly:0 RuntimeOnly:0 HLODRelevant:0 ListedInSceneOutliner:1 IsMainWorldOnly:0
 |   |   |- Guid:210D244B4CA1AEC77B741A8E7591D18A BaseClass: NativeClass:/Script/Engine.SkyAtmosphere Name:SkyAtmosphere_0 Label:SkyAtmosphere SpatiallyLoaded:0 Bounds:IsValid=true, Min=(X=0.000 Y=0.000 Z=1020.000), Max=(X=0.000 Y=0.000 Z=1020.000) RuntimeGrid:None EditorOnly:0 RuntimeOnly:0 HLODRelevant:0 ListedInSceneOutliner:1 IsMainWorldOnly:0 FolderPath:Lighting FolderGuid:0BA5F0A04EADB18E70D5B180D08FA34B
 |   |   |- Guid:357E47E644553ABF7E0C28A24B319C09 BaseClass: NativeClass:/Script/Engine.StaticMeshActor Name:StaticMeshActor_UAID_A8A159100C21682802_1889461045 Label:SM_Cube5 SpatiallyLoaded:1 Bounds:IsValid=true, Min=(X=3890.000 Y=940.000 Z=0.000), Max=(X=3990.000 Y=1040.000 Z=100.000) RuntimeGrid:None EditorOnly:0 RuntimeOnly:0 HLODRelevant:1 ListedInSceneOutliner:1 IsMainWorldOnly:0
 |   |   |- Guid:457448E64202C2173F6D218D97203FBC BaseClass: NativeClass:/Script/Engine.DirectionalLight Name:DirectionalLight_1 Label:DirectionalLight SpatiallyLoaded:0 Bounds:Invalid RuntimeGrid:None EditorOnly:0 RuntimeOnly:0 HLODRelevant:0 ListedInSceneOutliner:1 IsMainWorldOnly:0 FolderPath:Lighting FolderGuid:0BA5F0A04EADB18E70D5B180D08FA34B
 |   |   |- Guid:458E362441DC3DC1FE116282A7BAB45C BaseClass: NativeClass:/Script/Engine.StaticMeshActor Name:StaticMeshActor_UAID_A8A159100C21682802_1795178044 Label:SM_Ramp3 SpatiallyLoaded:1 Bounds:IsValid=true, Min=(X=3590.000 Y=940.000 Z=-0.000), Max=(X=3790.000 Y=1040.000 Z=100.000) RuntimeGrid:None EditorOnly:0 RuntimeOnly:0 HLODRelevant:1 ListedInSceneOutliner:1 IsMainWorldOnly:0
 |   |   |- Guid:4C08E6F84768D80CDD9FD9A192B412D7 BaseClass:/Game/GameContent/Objects/Pickups/BP_Pickup_Ammo.BP_Pickup_Ammo_C NativeClass:/Script/Engine.Actor Name:BP_Pickup_Ammo_C_UAID_00E04C2403DB962602_1294920024 Label:BP_Pickup_Ammo SpatiallyLoaded:1 Bounds:IsValid=true, Min=(X=357.500 Y=1227.500 Z=10.000), Max=(X=382.500 Y=1252.500 Z=110.000) RuntimeGrid:None EditorOnly:0 RuntimeOnly:0 HLODRelevant:0 ListedInSceneOutliner:1 IsMainWorldOnly:0
 |   |   |- Guid:56A7D2A444B15B5C9F89ED8666B6E963 BaseClass:/Game/GameContent/Objects/Hazards/BP_Hazard_Stationary.BP_Hazard_Stationary_C NativeClass:/Script/Engine.Actor Name:BP_Hazard_Stationary_C_UAID_00E04C2403DBAB2502_1858488666 Label:BP_Hazard_Stationary2 SpatiallyLoaded:1 Bounds:IsValid=true, Min=(X=990.000 Y=1250.000 Z=0.000), Max=(X=1090.000 Y=1350.000 Z=100.000) RuntimeGrid:None EditorOnly:0 RuntimeOnly:0 HLODRelevant:0 ListedInSceneOutliner:1 IsMainWorldOnly:0
 |   |   |- Guid:56D95A1B48F6F76C0B6356BA85376675 BaseClass: NativeClass:/Script/Engine.StaticMeshActor Name:StaticMeshActor_UAID_A8A159100C21632802_1460107162 Label:SM_Cube3 SpatiallyLoaded:1 Bounds:IsValid=true, Min=(X=6810.000 Y=4150.000 Z=0.000), Max=(X=6910.000 Y=4350.000 Z=200.000) RuntimeGrid:None EditorOnly:0 RuntimeOnly:0 HLODRelevant:1 ListedInSceneOutliner:1 IsMainWorldOnly:0
 |   |   |- Guid:57C6F1FA47292584C6B648B137619741 BaseClass: NativeClass:/Script/Engine.StaticMeshActor Name:StaticMeshActor_UAID_A8A159100C21692802_1082677245 Label:SM_Cube6 SpatiallyLoaded:1 Bounds:IsValid=true, Min=(X=4170.000 Y=940.000 Z=190.000), Max=(X=4270.000 Y=1040.000 Z=290.000) RuntimeGrid:None EditorOnly:0 RuntimeOnly:0 HLODRelevant:1 ListedInSceneOutliner:1 IsMainWorldOnly:0
 |   |   |- Guid:5F0BB6B841993ABDD72C0A94D234DBAB BaseClass: NativeClass:/Script/Engine.PlayerStart Name:PlayerStart_0 Label:PlayerStart SpatiallyLoaded:0 Bounds:IsValid=true, Min=(X=3282.226 Y=856.804 Z=19.849), Max=(X=3362.226 Y=936.804 Z=203.849) RuntimeGrid:None EditorOnly:0 RuntimeOnly:0 HLODRelevant:0 ListedInSceneOutliner:1 IsMainWorldOnly:0
 |   |   |- Guid:601E986D4925618B11C8E88736A4B6A3 BaseClass: NativeClass:/Script/Engine.StaticMeshActor Name:StaticMeshActor_UAID_A8A159100C21692802_1082681247 Label:SM_Cube7 SpatiallyLoaded:1 Bounds:IsValid=true, Min=(X=4270.000 Y=940.000 Z=190.000), Max=(X=4370.000 Y=1040.000 Z=290.000) RuntimeGrid:None EditorOnly:0 RuntimeOnly:0 HLODRelevant:1 ListedInSceneOutliner:1 IsMainWorldOnly:0
 |   |   |- Guid:667F995547155122FE16F0A681A37D10 BaseClass:/Game/GameContent/Objects/Hazards/BP_Hazard_MoveBetween.BP_Hazard_MoveBetween_C NativeClass:/Script/Engine.Actor Name:BP_Hazard_MoveBetween_C_UAID_00E04C2403DBAE2502_2026667197 Label:BP_Hazard_MoveBetween SpatiallyLoaded:1 Bounds:IsValid=true, Min=(X=1300.000 Y=500.000 Z=0.000), Max=(X=1400.000 Y=600.000 Z=100.000) RuntimeGrid:None EditorOnly:0 RuntimeOnly:0 HLODRelevant:0 ListedInSceneOutliner:1 IsMainWorldOnly:0
 |   |   |- Guid:7603DB9A4728277BE7AD5DA36A24A8CB BaseClass: NativeClass:/Script/Engine.StaticMeshActor Name:StaticMeshActor_0 Label:SM_Cube SpatiallyLoaded:1 Bounds:IsValid=true, Min=(X=0.000 Y=0.000 Z=-50.000), Max=(X=10000.000 Y=10000.000 Z=0.000) RuntimeGrid:None EditorOnly:0 RuntimeOnly:0 HLODRelevant:1 ListedInSceneOutliner:1 IsMainWorldOnly:0 FolderPath:Playground FolderGuid:6C02BB504B69D1F3D7A624B130C18E5B
 |   |   |- Guid:8475246741BF177CFE11F4ACA8984D48 BaseClass: NativeClass:/Script/Engine.StaticMeshActor Name:StaticMeshActor_UAID_A8A159100C21682802_2098989062 Label:SM_Cube21 SpatiallyLoaded:1 Bounds:IsValid=true, Min=(X=4500.000 Y=940.000 Z=200.000), Max=(X=4600.000 Y=1040.000 Z=300.000) RuntimeGrid:None EditorOnly:0 RuntimeOnly:0 HLODRelevant:1 ListedInSceneOutliner:1 IsMainWorldOnly:0
 |   |   |- Guid:864D56E84CE2CE81A02BCDA39BA55EA3 BaseClass: NativeClass:/Script/Engine.StaticMeshActor Name:StaticMeshActor_UAID_A8A159100C21682802_2098981057 Label:SM_Cube16 SpatiallyLoaded:1 Bounds:IsValid=true, Min=(X=4400.000 Y=940.000 Z=0.000), Max=(X=4500.000 Y=1040.000 Z=100.000) RuntimeGrid:None EditorOnly:0 RuntimeOnly:0 HLODRelevant:1 ListedInSceneOutliner:1 IsMainWorldOnly:0
 |   |   |- Guid:867622D3407700B9E52BEEB897480152 BaseClass: NativeClass:/Script/Engine.WorldDataLayers Name:WorldDataLayers Label:WorldDataLayers SpatiallyLoaded:0 Bounds:Invalid RuntimeGrid:None EditorOnly:0 RuntimeOnly:0 HLODRelevant:0 ListedInSceneOutliner:1 IsMainWorldOnly:1
 |   |   |- Guid:87CAD0394492B705038A4E8F9D47EAC0 BaseClass: NativeClass:/Script/Engine.StaticMeshActor Name:StaticMeshActor_UAID_A8A159100C21632802_1416626160 Label:SM_Cube2 SpatiallyLoaded:1 Bounds:IsValid=true, Min=(X=6810.000 Y=4050.000 Z=0.000), Max=(X=6910.000 Y=4150.000 Z=100.000) RuntimeGrid:None EditorOnly:0 RuntimeOnly:0 HLODRelevant:1 ListedInSceneOutliner:1 IsMainWorldOnly:0
 |   |   |- Guid:884BD8654300DC14D3B690AB1A9235BA BaseClass:/Game/GameContent/Objects/Pickups/BP_Pickup_Ammo.BP_Pickup_Ammo_C NativeClass:/Script/Engine.Actor Name:BP_Pickup_Ammo_C_UAID_A8A159100C21432802_1557870536 Label:BP_Pickup_Ammo4 SpatiallyLoaded:1 Bounds:IsValid=true, Min=(X=507.500 Y=1777.500 Z=0.000), Max=(X=532.500 Y=1802.500 Z=100.000) RuntimeGrid:None EditorOnly:0 RuntimeOnly:0 HLODRelevant:0 ListedInSceneOutliner:1 IsMainWorldOnly:0
 |   |   |- Guid:8B069F51471AFF1244838EA0A105BB42 BaseClass: NativeClass:/Script/Engine.StaticMeshActor Name:StaticMeshActor_UAID_A8A159100C21632802_1433301161 Label:SM_Ramp2 SpatiallyLoaded:1 Bounds:IsValid=true, Min=(X=6810.000 Y=4050.000 Z=100.000), Max=(X=6910.000 Y=4150.000 Z=200.000) RuntimeGrid:None EditorOnly:0 RuntimeOnly:0 HLODRelevant:1 ListedInSceneOutliner:1 IsMainWorldOnly:0
 |   |   |- Guid:8C4651D34CC675C880F3CBA05337B986 BaseClass: NativeClass:/Script/Engine.StaticMeshActor Name:StaticMeshActor_UAID_A8A159100C21682802_2098984058 Label:SM_Cube17 SpatiallyLoaded:1 Bounds:IsValid=true, Min=(X=4500.000 Y=940.000 Z=0.000), Max=(X=4600.000 Y=1040.000 Z=100.000) RuntimeGrid:None EditorOnly:0 RuntimeOnly:0 HLODRelevant:1 ListedInSceneOutliner:1 IsMainWorldOnly:0
 |   |   |- Guid:8FF4317048AC62B904187591B5F8F33D BaseClass: NativeClass:/Script/Engine.StaticMeshActor Name:StaticMeshActor_UAID_A8A159100C21682802_2098985059 Label:SM_Cube18 SpatiallyLoaded:1 Bounds:IsValid=true, Min=(X=4400.000 Y=940.000 Z=100.000), Max=(X=4500.000 Y=1040.000 Z=200.000) RuntimeGrid:None EditorOnly:0 RuntimeOnly:0 HLODRelevant:1 ListedInSceneOutliner:1 IsMainWorldOnly:0
 |   |   |- Guid:90035A9A4FDF2B9E1FDC8992A3FF46C4 BaseClass: NativeClass:/Script/Engine.VolumetricCloud Name:VolumetricCloud_0 Label:VolumetricCloud SpatiallyLoaded:0 Bounds:IsValid=true, Min=(X=0.000 Y=0.000 Z=820.000), Max=(X=0.000 Y=0.000 Z=820.000) RuntimeGrid:None EditorOnly:0 RuntimeOnly:0 HLODRelevant:0 ListedInSceneOutliner:1 IsMainWorldOnly:0 FolderPath:Lighting FolderGuid:0BA5F0A04EADB18E70D5B180D08FA34B
 |   |   |- Guid:978AAE9B43FE8D4B7363E5A3D562D207 BaseClass: NativeClass:/Script/Engine.StaticMeshActor Name:StaticMeshActor_UAID_A8A159100C21632802_1390484159 Label:SM_Ramp SpatiallyLoaded:1 Bounds:IsValid=true, Min=(X=6810.000 Y=3950.000 Z=0.000), Max=(X=6910.000 Y=4050.000 Z=100.000) RuntimeGrid:None EditorOnly:0 RuntimeOnly:0 HLODRelevant:1 ListedInSceneOutliner:1 IsMainWorldOnly:0
 |   |   |- Guid:A5BD29664BB9CB074C36BB8EB0D700F6 BaseClass:/Game/GameContent/Objects/Target.Target_C NativeClass:/Script/Engine.Actor Name:Target_C_UAID_A8A159100C21432802_1545126533 Label:Target3 SpatiallyLoaded:1 Bounds:IsValid=true, Min=(X=720.000 Y=2190.000 Z=0.000), Max=(X=820.000 Y=2230.000 Z=100.000) RuntimeGrid:None EditorOnly:0 RuntimeOnly:0 HLODRelevant:0 ListedInSceneOutliner:1 IsMainWorldOnly:0
 |   |   |- Guid:AC8213A6473DD157D801BE97FACDC20B BaseClass: NativeClass:/Script/Engine.StaticMeshActor Name:StaticMeshActor_UAID_A8A159100C21682802_1938104051 Label:SM_Cube11 SpatiallyLoaded:1 Bounds:IsValid=true, Min=(X=4090.000 Y=940.000 Z=100.000), Max=(X=4190.000 Y=1040.000 Z=200.000) RuntimeGrid:None EditorOnly:0 RuntimeOnly:0 HLODRelevant:1 ListedInSceneOutliner:1 IsMainWorldOnly:0
 |   |   |- Guid:ADEEDBEE4B45BD18A303C8961A6606DB BaseClass:/Game/GameContent/Objects/Pickups/BP_Pickup_Ammo.BP_Pickup_Ammo_C NativeClass:/Script/Engine.Actor Name:BP_Pickup_Ammo_C_UAID_A8A159100C21432802_1554358535 Label:BP_Pickup_Ammo3 SpatiallyLoaded:1 Bounds:IsValid=true, Min=(X=557.500 Y=1467.500 Z=0.000), Max=(X=582.500 Y=1492.500 Z=100.000) RuntimeGrid:None EditorOnly:0 RuntimeOnly:0 HLODRelevant:0 ListedInSceneOutliner:1 IsMainWorldOnly:0
 |   |   |- Guid:AE7B04E2478DEDAF6A615F95251B4488 BaseClass: NativeClass:/Script/Engine.StaticMeshActor Name:StaticMeshActor_UAID_A8A159100C21682802_2098988061 Label:SM_Cube20 SpatiallyLoaded:1 Bounds:IsValid=true, Min=(X=4400.000 Y=940.000 Z=200.000), Max=(X=4500.000 Y=1040.000 Z=300.000) RuntimeGrid:None EditorOnly:0 RuntimeOnly:0 HLODRelevant:1 ListedInSceneOutliner:1 IsMainWorldOnly:0
 |   |   |- Guid:BAC465144B2EEE8EEBC729982353E19A BaseClass:/Game/GameContent/Objects/Target.Target_C NativeClass:/Script/Engine.Actor Name:Target_C_UAID_A8A159100C21402802_1238707002 Label:Target SpatiallyLoaded:1 Bounds:IsValid=true, Min=(X=355.000 Y=1775.000 Z=20.000), Max=(X=405.000 Y=1785.000 Z=70.000) RuntimeGrid:None EditorOnly:0 RuntimeOnly:0 HLODRelevant:0 ListedInSceneOutliner:1 IsMainWorldOnly:0
 |   |   |- Guid:BD1949894DE9AA252674109F528AE0EF BaseClass:/Game/GameContent/Objects/Pickups/Health.Health_C NativeClass:/Script/Engine.Actor Name:Health_C_UAID_A8A159100C21402802_1496122003 Label:Health SpatiallyLoaded:1 Bounds:IsValid=true, Min=(X=567.500 Y=2207.500 Z=70.000), Max=(X=592.500 Y=2232.500 Z=95.000) RuntimeGrid:None EditorOnly:0 RuntimeOnly:0 HLODRelevant:0 ListedInSceneOutliner:1 IsMainWorldOnly:0
 |   |   |- Guid:BF91BEA649EC2FD0B850499AF94A65D5 BaseClass: NativeClass:/Script/Engine.ExponentialHeightFog Name:ExponentialHeightFog_0 Label:ExponentialHeightFog SpatiallyLoaded:0 Bounds:IsValid=true, Min=(X=-5600.000 Y=-50.000 Z=-6850.000), Max=(X=-5600.000 Y=-50.000 Z=-6850.000) RuntimeGrid:None EditorOnly:0 RuntimeOnly:0 HLODRelevant:0 ListedInSceneOutliner:1 IsMainWorldOnly:0 FolderPath:Lighting FolderGuid:0BA5F0A04EADB18E70D5B180D08FA34B
 |   |   |- Guid:C54B7C7E4AB9E9DDBEFD4FAF12DC4091 BaseClass:/Game/GameContent/Objects/Hazards/BP_Hazard_Stationary.BP_Hazard_Stationary_C NativeClass:/Script/Engine.Actor Name:BP_Hazard_Stationary_C_UAID_00E04C2403DBA92502_1945558311 Label:BP_Hazard_Stationary SpatiallyLoaded:1 Bounds:IsValid=true, Min=(X=1260.000 Y=1260.000 Z=0.000), Max=(X=1360.000 Y=1360.000 Z=100.000) RuntimeGrid:None EditorOnly:0 RuntimeOnly:0 HLODRelevant:0 ListedInSceneOutliner:1 IsMainWorldOnly:0
 |   |   |- Guid:C8B39BA64645D2DB46A625A84C7502FE BaseClass: NativeClass:/Script/Engine.StaticMeshActor Name:StaticMeshActor_UAID_A8A159100C21682802_2098987060 Label:SM_Cube19 SpatiallyLoaded:1 Bounds:IsValid=true, Min=(X=4500.000 Y=940.000 Z=100.000), Max=(X=4600.000 Y=1040.000 Z=200.000) RuntimeGrid:None EditorOnly:0 RuntimeOnly:0 HLODRelevant:1 ListedInSceneOutliner:1 IsMainWorldOnly:0
 |   |   |- Guid:CC48BCE749896C8D50DF1199A0B72B31 BaseClass: NativeClass:/Script/Engine.StaticMeshActor Name:StaticMeshActor_UAID_A8A159100C21682802_1938103050 Label:SM_Cube10 SpatiallyLoaded:1 Bounds:IsValid=true, Min=(X=3990.000 Y=940.000 Z=100.000), Max=(X=4090.000 Y=1040.000 Z=200.000) RuntimeGrid:None EditorOnly:0 RuntimeOnly:0 HLODRelevant:1 ListedInSceneOutliner:1 IsMainWorldOnly:0
 |   |   |- Guid:D1C8E730401E22ABEF033A8DBB3C1C7E BaseClass:/Game/GameContent/Objects/Target.Target_C NativeClass:/Script/Engine.Actor Name:Target_C_UAID_A8A159100C21432802_1540444532 Label:Target2 SpatiallyLoaded:1 Bounds:IsValid=true, Min=(X=960.000 Y=2630.000 Z=0.000), Max=(X=1060.000 Y=2670.000 Z=100.000) RuntimeGrid:None EditorOnly:0 RuntimeOnly:0 HLODRelevant:0 ListedInSceneOutliner:1 IsMainWorldOnly:0
 |   |   |- Guid:D536D14646B76BCD7D2BCFAE9E2B3FAA BaseClass: NativeClass:/Script/Engine.StaticMeshActor Name:StaticMeshActor_UAID_A8A159100C21692802_1082679246 Label:SM_Ramp5 SpatiallyLoaded:1 Bounds:IsValid=true, Min=(X=3970.000 Y=940.000 Z=190.000), Max=(X=4170.000 Y=1040.000 Z=290.000) RuntimeGrid:None EditorOnly:0 RuntimeOnly:0 HLODRelevant:1 ListedInSceneOutliner:1 IsMainWorldOnly:0
 |   |   |- Guid:E4EF196E4B39445F41805BB57667C977 BaseClass: NativeClass:/Script/Engine.StaticMeshActor Name:StaticMeshActor_UAID_A8A159100C21692802_1082682248 Label:SM_Ramp6 SpatiallyLoaded:1 Bounds:IsValid=true, Min=(X=4170.000 Y=930.000 Z=290.000), Max=(X=4370.000 Y=1030.000 Z=390.000) RuntimeGrid:None EditorOnly:0 RuntimeOnly:0 HLODRelevant:1 ListedInSceneOutliner:1 IsMainWorldOnly:0
 |   |   |- Guid:E64ED2A84E59F127AE48FBBDFDC9A3B5 BaseClass:/Game/GameContent/Objects/Hazards/BP_Hazard_MoveTo.BP_Hazard_MoveTo_C NativeClass:/Script/Engine.Actor Name:BP_Hazard_MoveTo_C_UAID_00E04C2403DBAF2502_1096132375 Label:BP_Hazard_MoveTo SpatiallyLoaded:1 Bounds:IsValid=true, Min=(X=910.000 Y=500.000 Z=0.000), Max=(X=1010.000 Y=600.000 Z=100.000) RuntimeGrid:None EditorOnly:0 RuntimeOnly:0 HLODRelevant:0 ListedInSceneOutliner:1 IsMainWorldOnly:0
 |   |   |- Guid:E7487F494F94F11AD1C1A1847DD127F3 BaseClass:/Game/GameContent/Objects/Hazards/BP_Hazard_Stationary.BP_Hazard_Stationary_C NativeClass:/Script/Engine.Actor Name:BP_Hazard_Stationary_C_UAID_00E04C2403DBAB2502_1867519667 Label:BP_Hazard_Stationary3 SpatiallyLoaded:1 Bounds:IsValid=true, Min=(X=760.000 Y=1240.000 Z=0.000), Max=(X=860.000 Y=1340.000 Z=100.000) RuntimeGrid:None EditorOnly:0 RuntimeOnly:0 HLODRelevant:0 ListedInSceneOutliner:1 IsMainWorldOnly:0
 |   |   |- Guid:EA0C6C4746C8BB044B5DBF89AE17FEC8 BaseClass: NativeClass:/Script/Engine.PostProcessVolume Name:PostProcessVolume_0 Label:PostProcessVolume SpatiallyLoaded:0 Bounds:IsValid=true, Min=(X=0.000 Y=0.000 Z=400.000), Max=(X=200.000 Y=200.000 Z=600.000) RuntimeGrid:None EditorOnly:0 RuntimeOnly:0 HLODRelevant:0 ListedInSceneOutliner:1 IsMainWorldOnly:0 FolderPath:Lighting FolderGuid:0BA5F0A04EADB18E70D5B180D08FA34B
 |   |   |- Guid:ED78EB744E79AF645E3E1FAFAD71BC26 BaseClass: NativeClass:/Script/Engine.StaticMeshActor Name:StaticMeshActor_UAID_A4AE111137DC5EFB00_2001720423 Label:SM_SkySphere SpatiallyLoaded:0 Bounds:IsValid=true, Min=(X=-1637260.000 Y=-1640120.000 Z=-1639680.000), Max=(X=1639540.000 Y=1636680.000 Z=1637120.000) RuntimeGrid:None EditorOnly:0 RuntimeOnly:0 HLODRelevant:0 ListedInSceneOutliner:1 IsMainWorldOnly:0 FolderPath:Lighting FolderGuid:0BA5F0A04EADB18E70D5B180D08FA34B
 |   |   |- Guid:F15CE9314A3F96E5650F4FA82C394836 BaseClass: NativeClass:/Script/Engine.StaticMeshActor Name:StaticMeshActor_UAID_A8A159100C21682802_1790319043 Label:SM_Cube4 SpatiallyLoaded:1 Bounds:IsValid=true, Min=(X=3790.000 Y=940.000 Z=0.000), Max=(X=3890.000 Y=1040.000 Z=100.000) RuntimeGrid:None EditorOnly:0 RuntimeOnly:0 HLODRelevant:1 ListedInSceneOutliner:1 IsMainWorldOnly:0
 |   |   |- Guid:F896E3EF4CD1D7FC4F914E9880A0A44D BaseClass: NativeClass:/Script/Engine.StaticMeshActor Name:StaticMeshActor_UAID_A8A159100C21682802_2098990063 Label:SM_Cube22 SpatiallyLoaded:1 Bounds:IsValid=true, Min=(X=4400.000 Y=940.000 Z=300.000), Max=(X=4500.000 Y=1040.000 Z=400.000) RuntimeGrid:None EditorOnly:0 RuntimeOnly:0 HLODRelevant:1 ListedInSceneOutliner:1 IsMainWorldOnly:0
 |   |   |- Guid:FE45427C42FD5DE61EA5D791892DF382 BaseClass: NativeClass:/Script/Engine.StaticMeshActor Name:StaticMeshActor_UAID_A8A159100C21682802_1958351052 Label:SM_Ramp4 SpatiallyLoaded:1 Bounds:IsValid=true, Min=(X=3790.000 Y=940.000 Z=100.000), Max=(X=3990.000 Y=1040.000 Z=200.000) RuntimeGrid:None EditorOnly:0 RuntimeOnly:0 HLODRelevant:1 ListedInSceneOutliner:1 IsMainWorldOnly:0
 |   |- [+] Clusters:
 |   |   |- [+] [  0]
 |   |   |   |- Guid:00CD31824C8BE51525C9DD9F14095D8D BaseClass:/Game/GameContent/Objects/Pickups/BP_Pickup_Ammo.BP_Pickup_Ammo_C NativeClass:/Script/Engine.Actor Name:BP_Pickup_Ammo_C_UAID_A8A159100C21432802_1551666534 Label:BP_Pickup_Ammo2 SpatiallyLoaded:1 Bounds:IsValid=true, Min=(X=517.500 Y=1317.500 Z=0.000), Max=(X=542.500 Y=1342.500 Z=100.000) RuntimeGrid:None EditorOnly:0 RuntimeOnly:0 HLODRelevant:0 ListedInSceneOutliner:1 IsMainWorldOnly:0
 |   |   |- [+] [  1]
 |   |   |   |- Guid:0B2A1A7C46A32908913E07BB811D3FE5 BaseClass: NativeClass:/Script/Engine.SkyLight Name:SkyLight_0 Label:SkyLight SpatiallyLoaded:0 Bounds:IsValid=true, Min=(X=4150.000 Y=0.000 Z=690.000), Max=(X=4150.000 Y=0.000 Z=690.000) RuntimeGrid:None EditorOnly:0 RuntimeOnly:0 HLODRelevant:0 ListedInSceneOutliner:1 IsMainWorldOnly:0 FolderPath:Lighting FolderGuid:0BA5F0A04EADB18E70D5B180D08FA34B
 |   |   |- [+] [  2]
 |   |   |   |- Guid:1662CE17407C2C91C00FF0A62E5B0011 BaseClass: NativeClass:/Script/Engine.StaticMeshActor Name:StaticMeshActor_UAID_A8A159100C21682802_1938101049 Label:SM_Cube9 SpatiallyLoaded:1 Bounds:IsValid=true, Min=(X=4090.000 Y=940.000 Z=0.000), Max=(X=4190.000 Y=1040.000 Z=100.000) RuntimeGrid:None EditorOnly:0 RuntimeOnly:0 HLODRelevant:1 ListedInSceneOutliner:1 IsMainWorldOnly:0
 |   |   |- [+] [  3]
 |   |   |   |- Guid:1CC84181446D17BE4C17A3A1D3A8EE7E BaseClass: NativeClass:/Script/Engine.StaticMeshActor Name:StaticMeshActor_UAID_A8A159100C21682802_1938099048 Label:SM_Cube8 SpatiallyLoaded:1 Bounds:IsValid=true, Min=(X=3990.000 Y=940.000 Z=0.000), Max=(X=4090.000 Y=1040.000 Z=100.000) RuntimeGrid:None EditorOnly:0 RuntimeOnly:0 HLODRelevant:1 ListedInSceneOutliner:1 IsMainWorldOnly:0
 |   |   |- [+] [  4]
 |   |   |   |- Guid:1D9BF5324CC56D3C165A5D9C9F3E2D6D BaseClass: NativeClass:/Script/Engine.StaticMeshActor Name:StaticMeshActor_UAID_A8A159100C21682802_2098992064 Label:SM_Cube23 SpatiallyLoaded:1 Bounds:IsValid=true, Min=(X=4500.000 Y=940.000 Z=300.000), Max=(X=4600.000 Y=1040.000 Z=400.000) RuntimeGrid:None EditorOnly:0 RuntimeOnly:0 HLODRelevant:1 ListedInSceneOutliner:1 IsMainWorldOnly:0
 |   |   |- [+] [  5]
 |   |   |   |- Guid:1E01EB4848C7B196ECC4E4BCF11BD3E2 BaseClass:/Game/FirstPerson/Blueprints/BP_Pickup_Rifle.BP_Pickup_Rifle_C NativeClass:/Script/Engine.Actor Name:BP_Rifle_C_1 Label:BP_Pickup_Rifle SpatiallyLoaded:1 Bounds:IsValid=true, Min=(X=3418.000 Y=858.000 Z=64.000), Max=(X=3482.000 Y=947.440 Z=128.000) RuntimeGrid:None EditorOnly:0 RuntimeOnly:0 HLODRelevant:0 ListedInSceneOutliner:1 IsMainWorldOnly:0
 |   |   |- [+] [  6]
 |   |   |   |- Guid:210D244B4CA1AEC77B741A8E7591D18A BaseClass: NativeClass:/Script/Engine.SkyAtmosphere Name:SkyAtmosphere_0 Label:SkyAtmosphere SpatiallyLoaded:0 Bounds:IsValid=true, Min=(X=0.000 Y=0.000 Z=1020.000), Max=(X=0.000 Y=0.000 Z=1020.000) RuntimeGrid:None EditorOnly:0 RuntimeOnly:0 HLODRelevant:0 ListedInSceneOutliner:1 IsMainWorldOnly:0 FolderPath:Lighting FolderGuid:0BA5F0A04EADB18E70D5B180D08FA34B
 |   |   |- [+] [  7]
 |   |   |   |- Guid:357E47E644553ABF7E0C28A24B319C09 BaseClass: NativeClass:/Script/Engine.StaticMeshActor Name:StaticMeshActor_UAID_A8A159100C21682802_1889461045 Label:SM_Cube5 SpatiallyLoaded:1 Bounds:IsValid=true, Min=(X=3890.000 Y=940.000 Z=0.000), Max=(X=3990.000 Y=1040.000 Z=100.000) RuntimeGrid:None EditorOnly:0 RuntimeOnly:0 HLODRelevant:1 ListedInSceneOutliner:1 IsMainWorldOnly:0
 |   |   |- [+] [  8]
 |   |   |   |- Guid:457448E64202C2173F6D218D97203FBC BaseClass: NativeClass:/Script/Engine.DirectionalLight Name:DirectionalLight_1 Label:DirectionalLight SpatiallyLoaded:0 Bounds:Invalid RuntimeGrid:None EditorOnly:0 RuntimeOnly:0 HLODRelevant:0 ListedInSceneOutliner:1 IsMainWorldOnly:0 FolderPath:Lighting FolderGuid:0BA5F0A04EADB18E70D5B180D08FA34B
 |   |   |- [+] [  9]
 |   |   |   |- Guid:458E362441DC3DC1FE116282A7BAB45C BaseClass: NativeClass:/Script/Engine.StaticMeshActor Name:StaticMeshActor_UAID_A8A159100C21682802_1795178044 Label:SM_Ramp3 SpatiallyLoaded:1 Bounds:IsValid=true, Min=(X=3590.000 Y=940.000 Z=-0.000), Max=(X=3790.000 Y=1040.000 Z=100.000) RuntimeGrid:None EditorOnly:0 RuntimeOnly:0 HLODRelevant:1 ListedInSceneOutliner:1 IsMainWorldOnly:0
 |   |   |- [+] [ 10]
 |   |   |   |- Guid:4C08E6F84768D80CDD9FD9A192B412D7 BaseClass:/Game/GameContent/Objects/Pickups/BP_Pickup_Ammo.BP_Pickup_Ammo_C NativeClass:/Script/Engine.Actor Name:BP_Pickup_Ammo_C_UAID_00E04C2403DB962602_1294920024 Label:BP_Pickup_Ammo SpatiallyLoaded:1 Bounds:IsValid=true, Min=(X=357.500 Y=1227.500 Z=10.000), Max=(X=382.500 Y=1252.500 Z=110.000) RuntimeGrid:None EditorOnly:0 RuntimeOnly:0 HLODRelevant:0 ListedInSceneOutliner:1 IsMainWorldOnly:0
 |   |   |- [+] [ 11]
 |   |   |   |- Guid:56A7D2A444B15B5C9F89ED8666B6E963 BaseClass:/Game/GameContent/Objects/Hazards/BP_Hazard_Stationary.BP_Hazard_Stationary_C NativeClass:/Script/Engine.Actor Name:BP_Hazard_Stationary_C_UAID_00E04C2403DBAB2502_1858488666 Label:BP_Hazard_Stationary2 SpatiallyLoaded:1 Bounds:IsValid=true, Min=(X=990.000 Y=1250.000 Z=0.000), Max=(X=1090.000 Y=1350.000 Z=100.000) RuntimeGrid:None EditorOnly:0 RuntimeOnly:0 HLODRelevant:0 ListedInSceneOutliner:1 IsMainWorldOnly:0
 |   |   |- [+] [ 12]
 |   |   |   |- Guid:56D95A1B48F6F76C0B6356BA85376675 BaseClass: NativeClass:/Script/Engine.StaticMeshActor Name:StaticMeshActor_UAID_A8A159100C21632802_1460107162 Label:SM_Cube3 SpatiallyLoaded:1 Bounds:IsValid=true, Min=(X=6810.000 Y=4150.000 Z=0.000), Max=(X=6910.000 Y=4350.000 Z=200.000) RuntimeGrid:None EditorOnly:0 RuntimeOnly:0 HLODRelevant:1 ListedInSceneOutliner:1 IsMainWorldOnly:0
 |   |   |- [+] [ 13]
 |   |   |   |- Guid:57C6F1FA47292584C6B648B137619741 BaseClass: NativeClass:/Script/Engine.StaticMeshActor Name:StaticMeshActor_UAID_A8A159100C21692802_1082677245 Label:SM_Cube6 SpatiallyLoaded:1 Bounds:IsValid=true, Min=(X=4170.000 Y=940.000 Z=190.000), Max=(X=4270.000 Y=1040.000 Z=290.000) RuntimeGrid:None EditorOnly:0 RuntimeOnly:0 HLODRelevant:1 ListedInSceneOutliner:1 IsMainWorldOnly:0
 |   |   |- [+] [ 14]
 |   |   |   |- Guid:5F0BB6B841993ABDD72C0A94D234DBAB BaseClass: NativeClass:/Script/Engine.PlayerStart Name:PlayerStart_0 Label:PlayerStart SpatiallyLoaded:0 Bounds:IsValid=true, Min=(X=3282.226 Y=856.804 Z=19.849), Max=(X=3362.226 Y=936.804 Z=203.849) RuntimeGrid:None EditorOnly:0 RuntimeOnly:0 HLODRelevant:0 ListedInSceneOutliner:1 IsMainWorldOnly:0
 |   |   |- [+] [ 15]
 |   |   |   |- Guid:601E986D4925618B11C8E88736A4B6A3 BaseClass: NativeClass:/Script/Engine.StaticMeshActor Name:StaticMeshActor_UAID_A8A159100C21692802_1082681247 Label:SM_Cube7 SpatiallyLoaded:1 Bounds:IsValid=true, Min=(X=4270.000 Y=940.000 Z=190.000), Max=(X=4370.000 Y=1040.000 Z=290.000) RuntimeGrid:None EditorOnly:0 RuntimeOnly:0 HLODRelevant:1 ListedInSceneOutliner:1 IsMainWorldOnly:0
 |   |   |- [+] [ 16]
 |   |   |   |- Guid:667F995547155122FE16F0A681A37D10 BaseClass:/Game/GameContent/Objects/Hazards/BP_Hazard_MoveBetween.BP_Hazard_MoveBetween_C NativeClass:/Script/Engine.Actor Name:BP_Hazard_MoveBetween_C_UAID_00E04C2403DBAE2502_2026667197 Label:BP_Hazard_MoveBetween SpatiallyLoaded:1 Bounds:IsValid=true, Min=(X=1300.000 Y=500.000 Z=0.000), Max=(X=1400.000 Y=600.000 Z=100.000) RuntimeGrid:None EditorOnly:0 RuntimeOnly:0 HLODRelevant:0 ListedInSceneOutliner:1 IsMainWorldOnly:0
 |   |   |- [+] [ 17]
 |   |   |   |- Guid:7603DB9A4728277BE7AD5DA36A24A8CB BaseClass: NativeClass:/Script/Engine.StaticMeshActor Name:StaticMeshActor_0 Label:SM_Cube SpatiallyLoaded:1 Bounds:IsValid=true, Min=(X=0.000 Y=0.000 Z=-50.000), Max=(X=10000.000 Y=10000.000 Z=0.000) RuntimeGrid:None EditorOnly:0 RuntimeOnly:0 HLODRelevant:1 ListedInSceneOutliner:1 IsMainWorldOnly:0 FolderPath:Playground FolderGuid:6C02BB504B69D1F3D7A624B130C18E5B
 |   |   |- [+] [ 18]
 |   |   |   |- Guid:8475246741BF177CFE11F4ACA8984D48 BaseClass: NativeClass:/Script/Engine.StaticMeshActor Name:StaticMeshActor_UAID_A8A159100C21682802_2098989062 Label:SM_Cube21 SpatiallyLoaded:1 Bounds:IsValid=true, Min=(X=4500.000 Y=940.000 Z=200.000), Max=(X=4600.000 Y=1040.000 Z=300.000) RuntimeGrid:None EditorOnly:0 RuntimeOnly:0 HLODRelevant:1 ListedInSceneOutliner:1 IsMainWorldOnly:0
 |   |   |- [+] [ 19]
 |   |   |   |- Guid:864D56E84CE2CE81A02BCDA39BA55EA3 BaseClass: NativeClass:/Script/Engine.StaticMeshActor Name:StaticMeshActor_UAID_A8A159100C21682802_2098981057 Label:SM_Cube16 SpatiallyLoaded:1 Bounds:IsValid=true, Min=(X=4400.000 Y=940.000 Z=0.000), Max=(X=4500.000 Y=1040.000 Z=100.000) RuntimeGrid:None EditorOnly:0 RuntimeOnly:0 HLODRelevant:1 ListedInSceneOutliner:1 IsMainWorldOnly:0
 |   |   |- [+] [ 20]
 |   |   |   |- Guid:867622D3407700B9E52BEEB897480152 BaseClass: NativeClass:/Script/Engine.WorldDataLayers Name:WorldDataLayers Label:WorldDataLayers SpatiallyLoaded:0 Bounds:Invalid RuntimeGrid:None EditorOnly:0 RuntimeOnly:0 HLODRelevant:0 ListedInSceneOutliner:1 IsMainWorldOnly:1
 |   |   |- [+] [ 21]
 |   |   |   |- Guid:87CAD0394492B705038A4E8F9D47EAC0 BaseClass: NativeClass:/Script/Engine.StaticMeshActor Name:StaticMeshActor_UAID_A8A159100C21632802_1416626160 Label:SM_Cube2 SpatiallyLoaded:1 Bounds:IsValid=true, Min=(X=6810.000 Y=4050.000 Z=0.000), Max=(X=6910.000 Y=4150.000 Z=100.000) RuntimeGrid:None EditorOnly:0 RuntimeOnly:0 HLODRelevant:1 ListedInSceneOutliner:1 IsMainWorldOnly:0
 |   |   |- [+] [ 22]
 |   |   |   |- Guid:884BD8654300DC14D3B690AB1A9235BA BaseClass:/Game/GameContent/Objects/Pickups/BP_Pickup_Ammo.BP_Pickup_Ammo_C NativeClass:/Script/Engine.Actor Name:BP_Pickup_Ammo_C_UAID_A8A159100C21432802_1557870536 Label:BP_Pickup_Ammo4 SpatiallyLoaded:1 Bounds:IsValid=true, Min=(X=507.500 Y=1777.500 Z=0.000), Max=(X=532.500 Y=1802.500 Z=100.000) RuntimeGrid:None EditorOnly:0 RuntimeOnly:0 HLODRelevant:0 ListedInSceneOutliner:1 IsMainWorldOnly:0
 |   |   |- [+] [ 23]
 |   |   |   |- Guid:8B069F51471AFF1244838EA0A105BB42 BaseClass: NativeClass:/Script/Engine.StaticMeshActor Name:StaticMeshActor_UAID_A8A159100C21632802_1433301161 Label:SM_Ramp2 SpatiallyLoaded:1 Bounds:IsValid=true, Min=(X=6810.000 Y=4050.000 Z=100.000), Max=(X=6910.000 Y=4150.000 Z=200.000) RuntimeGrid:None EditorOnly:0 RuntimeOnly:0 HLODRelevant:1 ListedInSceneOutliner:1 IsMainWorldOnly:0
 |   |   |- [+] [ 24]
 |   |   |   |- Guid:8C4651D34CC675C880F3CBA05337B986 BaseClass: NativeClass:/Script/Engine.StaticMeshActor Name:StaticMeshActor_UAID_A8A159100C21682802_2098984058 Label:SM_Cube17 SpatiallyLoaded:1 Bounds:IsValid=true, Min=(X=4500.000 Y=940.000 Z=0.000), Max=(X=4600.000 Y=1040.000 Z=100.000) RuntimeGrid:None EditorOnly:0 RuntimeOnly:0 HLODRelevant:1 ListedInSceneOutliner:1 IsMainWorldOnly:0
 |   |   |- [+] [ 25]
 |   |   |   |- Guid:8FF4317048AC62B904187591B5F8F33D BaseClass: NativeClass:/Script/Engine.StaticMeshActor Name:StaticMeshActor_UAID_A8A159100C21682802_2098985059 Label:SM_Cube18 SpatiallyLoaded:1 Bounds:IsValid=true, Min=(X=4400.000 Y=940.000 Z=100.000), Max=(X=4500.000 Y=1040.000 Z=200.000) RuntimeGrid:None EditorOnly:0 RuntimeOnly:0 HLODRelevant:1 ListedInSceneOutliner:1 IsMainWorldOnly:0
 |   |   |- [+] [ 26]
 |   |   |   |- Guid:90035A9A4FDF2B9E1FDC8992A3FF46C4 BaseClass: NativeClass:/Script/Engine.VolumetricCloud Name:VolumetricCloud_0 Label:VolumetricCloud SpatiallyLoaded:0 Bounds:IsValid=true, Min=(X=0.000 Y=0.000 Z=820.000), Max=(X=0.000 Y=0.000 Z=820.000) RuntimeGrid:None EditorOnly:0 RuntimeOnly:0 HLODRelevant:0 ListedInSceneOutliner:1 IsMainWorldOnly:0 FolderPath:Lighting FolderGuid:0BA5F0A04EADB18E70D5B180D08FA34B
 |   |   |- [+] [ 27]
 |   |   |   |- Guid:978AAE9B43FE8D4B7363E5A3D562D207 BaseClass: NativeClass:/Script/Engine.StaticMeshActor Name:StaticMeshActor_UAID_A8A159100C21632802_1390484159 Label:SM_Ramp SpatiallyLoaded:1 Bounds:IsValid=true, Min=(X=6810.000 Y=3950.000 Z=0.000), Max=(X=6910.000 Y=4050.000 Z=100.000) RuntimeGrid:None EditorOnly:0 RuntimeOnly:0 HLODRelevant:1 ListedInSceneOutliner:1 IsMainWorldOnly:0
 |   |   |- [+] [ 28]
 |   |   |   |- Guid:A5BD29664BB9CB074C36BB8EB0D700F6 BaseClass:/Game/GameContent/Objects/Target.Target_C NativeClass:/Script/Engine.Actor Name:Target_C_UAID_A8A159100C21432802_1545126533 Label:Target3 SpatiallyLoaded:1 Bounds:IsValid=true, Min=(X=720.000 Y=2190.000 Z=0.000), Max=(X=820.000 Y=2230.000 Z=100.000) RuntimeGrid:None EditorOnly:0 RuntimeOnly:0 HLODRelevant:0 ListedInSceneOutliner:1 IsMainWorldOnly:0
 |   |   |- [+] [ 29]
 |   |   |   |- Guid:AC8213A6473DD157D801BE97FACDC20B BaseClass: NativeClass:/Script/Engine.StaticMeshActor Name:StaticMeshActor_UAID_A8A159100C21682802_1938104051 Label:SM_Cube11 SpatiallyLoaded:1 Bounds:IsValid=true, Min=(X=4090.000 Y=940.000 Z=100.000), Max=(X=4190.000 Y=1040.000 Z=200.000) RuntimeGrid:None EditorOnly:0 RuntimeOnly:0 HLODRelevant:1 ListedInSceneOutliner:1 IsMainWorldOnly:0
 |   |   |- [+] [ 30]
 |   |   |   |- Guid:ADEEDBEE4B45BD18A303C8961A6606DB BaseClass:/Game/GameContent/Objects/Pickups/BP_Pickup_Ammo.BP_Pickup_Ammo_C NativeClass:/Script/Engine.Actor Name:BP_Pickup_Ammo_C_UAID_A8A159100C21432802_1554358535 Label:BP_Pickup_Ammo3 SpatiallyLoaded:1 Bounds:IsValid=true, Min=(X=557.500 Y=1467.500 Z=0.000), Max=(X=582.500 Y=1492.500 Z=100.000) RuntimeGrid:None EditorOnly:0 RuntimeOnly:0 HLODRelevant:0 ListedInSceneOutliner:1 IsMainWorldOnly:0
 |   |   |- [+] [ 31]
 |   |   |   |- Guid:AE7B04E2478DEDAF6A615F95251B4488 BaseClass: NativeClass:/Script/Engine.StaticMeshActor Name:StaticMeshActor_UAID_A8A159100C21682802_2098988061 Label:SM_Cube20 SpatiallyLoaded:1 Bounds:IsValid=true, Min=(X=4400.000 Y=940.000 Z=200.000), Max=(X=4500.000 Y=1040.000 Z=300.000) RuntimeGrid:None EditorOnly:0 RuntimeOnly:0 HLODRelevant:1 ListedInSceneOutliner:1 IsMainWorldOnly:0
 |   |   |- [+] [ 32]
 |   |   |   |- Guid:BAC465144B2EEE8EEBC729982353E19A BaseClass:/Game/GameContent/Objects/Target.Target_C NativeClass:/Script/Engine.Actor Name:Target_C_UAID_A8A159100C21402802_1238707002 Label:Target SpatiallyLoaded:1 Bounds:IsValid=true, Min=(X=355.000 Y=1775.000 Z=20.000), Max=(X=405.000 Y=1785.000 Z=70.000) RuntimeGrid:None EditorOnly:0 RuntimeOnly:0 HLODRelevant:0 ListedInSceneOutliner:1 IsMainWorldOnly:0
 |   |   |- [+] [ 33]
 |   |   |   |- Guid:BD1949894DE9AA252674109F528AE0EF BaseClass:/Game/GameContent/Objects/Pickups/Health.Health_C NativeClass:/Script/Engine.Actor Name:Health_C_UAID_A8A159100C21402802_1496122003 Label:Health SpatiallyLoaded:1 Bounds:IsValid=true, Min=(X=567.500 Y=2207.500 Z=70.000), Max=(X=592.500 Y=2232.500 Z=95.000) RuntimeGrid:None EditorOnly:0 RuntimeOnly:0 HLODRelevant:0 ListedInSceneOutliner:1 IsMainWorldOnly:0
 |   |   |- [+] [ 34]
 |   |   |   |- Guid:BF91BEA649EC2FD0B850499AF94A65D5 BaseClass: NativeClass:/Script/Engine.ExponentialHeightFog Name:ExponentialHeightFog_0 Label:ExponentialHeightFog SpatiallyLoaded:0 Bounds:IsValid=true, Min=(X=-5600.000 Y=-50.000 Z=-6850.000), Max=(X=-5600.000 Y=-50.000 Z=-6850.000) RuntimeGrid:None EditorOnly:0 RuntimeOnly:0 HLODRelevant:0 ListedInSceneOutliner:1 IsMainWorldOnly:0 FolderPath:Lighting FolderGuid:0BA5F0A04EADB18E70D5B180D08FA34B
 |   |   |- [+] [ 35]
 |   |   |   |- Guid:C54B7C7E4AB9E9DDBEFD4FAF12DC4091 BaseClass:/Game/GameContent/Objects/Hazards/BP_Hazard_Stationary.BP_Hazard_Stationary_C NativeClass:/Script/Engine.Actor Name:BP_Hazard_Stationary_C_UAID_00E04C2403DBA92502_1945558311 Label:BP_Hazard_Stationary SpatiallyLoaded:1 Bounds:IsValid=true, Min=(X=1260.000 Y=1260.000 Z=0.000), Max=(X=1360.000 Y=1360.000 Z=100.000) RuntimeGrid:None EditorOnly:0 RuntimeOnly:0 HLODRelevant:0 ListedInSceneOutliner:1 IsMainWorldOnly:0
 |   |   |- [+] [ 36]
 |   |   |   |- Guid:C8B39BA64645D2DB46A625A84C7502FE BaseClass: NativeClass:/Script/Engine.StaticMeshActor Name:StaticMeshActor_UAID_A8A159100C21682802_2098987060 Label:SM_Cube19 SpatiallyLoaded:1 Bounds:IsValid=true, Min=(X=4500.000 Y=940.000 Z=100.000), Max=(X=4600.000 Y=1040.000 Z=200.000) RuntimeGrid:None EditorOnly:0 RuntimeOnly:0 HLODRelevant:1 ListedInSceneOutliner:1 IsMainWorldOnly:0
 |   |   |- [+] [ 37]
 |   |   |   |- Guid:CC48BCE749896C8D50DF1199A0B72B31 BaseClass: NativeClass:/Script/Engine.StaticMeshActor Name:StaticMeshActor_UAID_A8A159100C21682802_1938103050 Label:SM_Cube10 SpatiallyLoaded:1 Bounds:IsValid=true, Min=(X=3990.000 Y=940.000 Z=100.000), Max=(X=4090.000 Y=1040.000 Z=200.000) RuntimeGrid:None EditorOnly:0 RuntimeOnly:0 HLODRelevant:1 ListedInSceneOutliner:1 IsMainWorldOnly:0
 |   |   |- [+] [ 38]
 |   |   |   |- Guid:D1C8E730401E22ABEF033A8DBB3C1C7E BaseClass:/Game/GameContent/Objects/Target.Target_C NativeClass:/Script/Engine.Actor Name:Target_C_UAID_A8A159100C21432802_1540444532 Label:Target2 SpatiallyLoaded:1 Bounds:IsValid=true, Min=(X=960.000 Y=2630.000 Z=0.000), Max=(X=1060.000 Y=2670.000 Z=100.000) RuntimeGrid:None EditorOnly:0 RuntimeOnly:0 HLODRelevant:0 ListedInSceneOutliner:1 IsMainWorldOnly:0
 |   |   |- [+] [ 39]
 |   |   |   |- Guid:D536D14646B76BCD7D2BCFAE9E2B3FAA BaseClass: NativeClass:/Script/Engine.StaticMeshActor Name:StaticMeshActor_UAID_A8A159100C21692802_1082679246 Label:SM_Ramp5 SpatiallyLoaded:1 Bounds:IsValid=true, Min=(X=3970.000 Y=940.000 Z=190.000), Max=(X=4170.000 Y=1040.000 Z=290.000) RuntimeGrid:None EditorOnly:0 RuntimeOnly:0 HLODRelevant:1 ListedInSceneOutliner:1 IsMainWorldOnly:0
 |   |   |- [+] [ 40]
 |   |   |   |- Guid:E4EF196E4B39445F41805BB57667C977 BaseClass: NativeClass:/Script/Engine.StaticMeshActor Name:StaticMeshActor_UAID_A8A159100C21692802_1082682248 Label:SM_Ramp6 SpatiallyLoaded:1 Bounds:IsValid=true, Min=(X=4170.000 Y=930.000 Z=290.000), Max=(X=4370.000 Y=1030.000 Z=390.000) RuntimeGrid:None EditorOnly:0 RuntimeOnly:0 HLODRelevant:1 ListedInSceneOutliner:1 IsMainWorldOnly:0
 |   |   |- [+] [ 41]
 |   |   |   |- Guid:E64ED2A84E59F127AE48FBBDFDC9A3B5 BaseClass:/Game/GameContent/Objects/Hazards/BP_Hazard_MoveTo.BP_Hazard_MoveTo_C NativeClass:/Script/Engine.Actor Name:BP_Hazard_MoveTo_C_UAID_00E04C2403DBAF2502_1096132375 Label:BP_Hazard_MoveTo SpatiallyLoaded:1 Bounds:IsValid=true, Min=(X=910.000 Y=500.000 Z=0.000), Max=(X=1010.000 Y=600.000 Z=100.000) RuntimeGrid:None EditorOnly:0 RuntimeOnly:0 HLODRelevant:0 ListedInSceneOutliner:1 IsMainWorldOnly:0
 |   |   |- [+] [ 42]
 |   |   |   |- Guid:E7487F494F94F11AD1C1A1847DD127F3 BaseClass:/Game/GameContent/Objects/Hazards/BP_Hazard_Stationary.BP_Hazard_Stationary_C NativeClass:/Script/Engine.Actor Name:BP_Hazard_Stationary_C_UAID_00E04C2403DBAB2502_1867519667 Label:BP_Hazard_Stationary3 SpatiallyLoaded:1 Bounds:IsValid=true, Min=(X=760.000 Y=1240.000 Z=0.000), Max=(X=860.000 Y=1340.000 Z=100.000) RuntimeGrid:None EditorOnly:0 RuntimeOnly:0 HLODRelevant:0 ListedInSceneOutliner:1 IsMainWorldOnly:0
 |   |   |- [+] [ 43]
 |   |   |   |- Guid:EA0C6C4746C8BB044B5DBF89AE17FEC8 BaseClass: NativeClass:/Script/Engine.PostProcessVolume Name:PostProcessVolume_0 Label:PostProcessVolume SpatiallyLoaded:0 Bounds:IsValid=true, Min=(X=0.000 Y=0.000 Z=400.000), Max=(X=200.000 Y=200.000 Z=600.000) RuntimeGrid:None EditorOnly:0 RuntimeOnly:0 HLODRelevant:0 ListedInSceneOutliner:1 IsMainWorldOnly:0 FolderPath:Lighting FolderGuid:0BA5F0A04EADB18E70D5B180D08FA34B
 |   |   |- [+] [ 44]
 |   |   |   |- Guid:ED78EB744E79AF645E3E1FAFAD71BC26 BaseClass: NativeClass:/Script/Engine.StaticMeshActor Name:StaticMeshActor_UAID_A4AE111137DC5EFB00_2001720423 Label:SM_SkySphere SpatiallyLoaded:0 Bounds:IsValid=true, Min=(X=-1637260.000 Y=-1640120.000 Z=-1639680.000), Max=(X=1639540.000 Y=1636680.000 Z=1637120.000) RuntimeGrid:None EditorOnly:0 RuntimeOnly:0 HLODRelevant:0 ListedInSceneOutliner:1 IsMainWorldOnly:0 FolderPath:Lighting FolderGuid:0BA5F0A04EADB18E70D5B180D08FA34B
 |   |   |- [+] [ 45]
 |   |   |   |- Guid:F15CE9314A3F96E5650F4FA82C394836 BaseClass: NativeClass:/Script/Engine.StaticMeshActor Name:StaticMeshActor_UAID_A8A159100C21682802_1790319043 Label:SM_Cube4 SpatiallyLoaded:1 Bounds:IsValid=true, Min=(X=3790.000 Y=940.000 Z=0.000), Max=(X=3890.000 Y=1040.000 Z=100.000) RuntimeGrid:None EditorOnly:0 RuntimeOnly:0 HLODRelevant:1 ListedInSceneOutliner:1 IsMainWorldOnly:0
 |   |   |- [+] [ 46]
 |   |   |   |- Guid:F896E3EF4CD1D7FC4F914E9880A0A44D BaseClass: NativeClass:/Script/Engine.StaticMeshActor Name:StaticMeshActor_UAID_A8A159100C21682802_2098990063 Label:SM_Cube22 SpatiallyLoaded:1 Bounds:IsValid=true, Min=(X=4400.000 Y=940.000 Z=300.000), Max=(X=4500.000 Y=1040.000 Z=400.000) RuntimeGrid:None EditorOnly:0 RuntimeOnly:0 HLODRelevant:1 ListedInSceneOutliner:1 IsMainWorldOnly:0
 |   |   |- [+] [ 47]
 |   |   |   |- Guid:FE45427C42FD5DE61EA5D791892DF382 BaseClass: NativeClass:/Script/Engine.StaticMeshActor Name:StaticMeshActor_UAID_A8A159100C21682802_1958351052 Label:SM_Ramp4 SpatiallyLoaded:1 Bounds:IsValid=true, Min=(X=3790.000 Y=940.000 Z=100.000), Max=(X=3990.000 Y=1040.000 Z=200.000) RuntimeGrid:None EditorOnly:0 RuntimeOnly:0 HLODRelevant:1 ListedInSceneOutliner:1 IsMainWorldOnly:0
 |- ContainerInstances:
 |- [+] MainContainer:
 |   |-        ID: 00000000000000000000000000000000
 |   |-  ParentID: 00000000000000000000000000000000
 |   |-    Bounds: IsValid=false, Min=(X=0.000 Y=0.000 Z=0.000), Max=(X=0.000 Y=0.000 Z=0.000)
 |   |- Transform: 0.000000,0.000000,0.000000|0.000000,0.000000,-0.000000|1.000000,1.000000,1.000000
 |   |- Container: /Game/GameContent/Scenes/Level1
----------------------------------------------------------------------------------------------------------------
Level1 - Persistent Level
----------------------------------------------------------------------------------------------------------------
[+] Content of Level1 Persistent Level
 |- Always loaded Actor Count: 48 
 |- Actor Path: /Game/GameContent/Scenes/Level1.Level1:PersistentLevel.BP_Hazard_MoveBetween_C_UAID_00E04C2403DBAE2502_2026667197
 |- Actor Package: /Game/__ExternalActors__/GameContent/Scenes/Level1/E/BK/4RIO1FVA4YSCTEV1FGR9HU
 |- Actor Path: /Game/GameContent/Scenes/Level1.Level1:PersistentLevel.BP_Hazard_MoveTo_C_UAID_00E04C2403DBAF2502_1096132375
 |- Actor Package: /Game/__ExternalActors__/GameContent/Scenes/Level1/2/F2/L8RKF8IKBSWOVIQ8ZA93JG
 |- Actor Path: /Game/GameContent/Scenes/Level1.Level1:PersistentLevel.BP_Hazard_Stationary_C_UAID_00E04C2403DBA92502_1945558311
 |- Actor Package: /Game/__ExternalActors__/GameContent/Scenes/Level1/B/M4/JPSK3AY57G94RLME6OZWTZ
 |- Actor Path: /Game/GameContent/Scenes/Level1.Level1:PersistentLevel.BP_Hazard_Stationary_C_UAID_00E04C2403DBAB2502_1858488666
 |- Actor Package: /Game/__ExternalActors__/GameContent/Scenes/Level1/A/T9/A8RV1P7Q615YOZOYR40IV7
 |- Actor Path: /Game/GameContent/Scenes/Level1.Level1:PersistentLevel.BP_Hazard_Stationary_C_UAID_00E04C2403DBAB2502_1867519667
 |- Actor Package: /Game/__ExternalActors__/GameContent/Scenes/Level1/A/4Z/D5RBKFSHKJCN24468G94ID
 |- Actor Path: /Game/GameContent/Scenes/Level1.Level1:PersistentLevel.BP_Pickup_Ammo_C_UAID_00E04C2403DB962602_1294920024
 |- Actor Package: /Game/__ExternalActors__/GameContent/Scenes/Level1/0/0V/8LN1BD9TIIAVB6EUWC24UM
 |- Actor Path: /Game/GameContent/Scenes/Level1.Level1:PersistentLevel.BP_Pickup_Ammo_C_UAID_A8A159100C21432802_1551666534
 |- Actor Package: /Game/__ExternalActors__/GameContent/Scenes/Level1/5/00/597GIO1SK4TFT4LKEWGKHK
 |- Actor Path: /Game/GameContent/Scenes/Level1.Level1:PersistentLevel.BP_Pickup_Ammo_C_UAID_A8A159100C21432802_1554358535
 |- Actor Package: /Game/__ExternalActors__/GameContent/Scenes/Level1/1/05/B8UHGDRUWNFD89O7L9JO3J
 |- Actor Path: /Game/GameContent/Scenes/Level1.Level1:PersistentLevel.BP_Pickup_Ammo_C_UAID_A8A159100C21432802_1557870536
 |- Actor Package: /Game/__ExternalActors__/GameContent/Scenes/Level1/4/SV/PXHSXW7JU2J8VVUYW0Z7ER
 |- Actor Path: /Game/GameContent/Scenes/Level1.Level1:PersistentLevel.BP_Rifle_C_1
 |- Actor Package: /Game/__ExternalActors__/GameContent/Scenes/Level1/D/QM/ZIRWB4VX2OJ1IQMWCDZ1XU
 |- Actor Path: /Game/GameContent/Scenes/Level1.Level1:PersistentLevel.DirectionalLight_1
 |- Actor Package: /Game/__ExternalActors__/GameContent/Scenes/Level1/1/EP/1BQRUVINQ6A9O6M9LOEATV
 |- Actor Path: /Game/GameContent/Scenes/Level1.Level1:PersistentLevel.ExponentialHeightFog_0
 |- Actor Package: /Game/__ExternalActors__/GameContent/Scenes/Level1/F/4K/XJ5EHD8INUHKSQXX31R1ER
 |- Actor Path: /Game/GameContent/Scenes/Level1.Level1:PersistentLevel.Health_C_UAID_A8A159100C21402802_1496122003
 |- Actor Package: /Game/__ExternalActors__/GameContent/Scenes/Level1/6/8W/BUVI7963TMKJZUS0CNN3VO
 |- Actor Path: /Game/GameContent/Scenes/Level1.Level1:PersistentLevel.PlayerStart_0
 |- Actor Package: /Game/__ExternalActors__/GameContent/Scenes/Level1/4/CD/WFZYMK95ONVCZE80XONRSG
 |- Actor Path: /Game/GameContent/Scenes/Level1.Level1:PersistentLevel.PostProcessVolume_0
 |- Actor Package: /Game/__ExternalActors__/GameContent/Scenes/Level1/8/97/JT7ORTPVKF2LY6SQWKZ7HZ
 |- Actor Path: /Game/GameContent/Scenes/Level1.Level1:PersistentLevel.SkyAtmosphere_0
 |- Actor Package: /Game/__ExternalActors__/GameContent/Scenes/Level1/8/ZI/4LSEH5G9VA68DDYOT0VD60
 |- Actor Path: /Game/GameContent/Scenes/Level1.Level1:PersistentLevel.SkyLight_0
 |- Actor Package: /Game/__ExternalActors__/GameContent/Scenes/Level1/9/5D/NML1TVQA6FJ822QG9L4GJE
 |- Actor Path: /Game/GameContent/Scenes/Level1.Level1:PersistentLevel.StaticMeshActor_0
 |- Actor Package: /Game/__ExternalActors__/GameContent/Scenes/Level1/8/AD/0RTTQCZ0A3X3CDN2TKLS21
 |- Actor Path: /Game/GameContent/Scenes/Level1.Level1:PersistentLevel.StaticMeshActor_UAID_A4AE111137DC5EFB00_2001720423
 |- Actor Package: /Game/__ExternalActors__/GameContent/Scenes/Level1/0/EY/SFJLDIUOSI6CIPWNE1TD7P
 |- Actor Path: /Game/GameContent/Scenes/Level1.Level1:PersistentLevel.StaticMeshActor_UAID_A8A159100C21632802_1390484159
 |- Actor Package: /Game/__ExternalActors__/GameContent/Scenes/Level1/B/1O/CTSIO3YP13ODMP0TPMAFPC
 |- Actor Path: /Game/GameContent/Scenes/Level1.Level1:PersistentLevel.StaticMeshActor_UAID_A8A159100C21632802_1416626160
 |- Actor Package: /Game/__ExternalActors__/GameContent/Scenes/Level1/2/27/K2Y711K8BKLF8ZON5ZHT7L
 |- Actor Path: /Game/GameContent/Scenes/Level1.Level1:PersistentLevel.StaticMeshActor_UAID_A8A159100C21632802_1433301161
 |- Actor Package: /Game/__ExternalActors__/GameContent/Scenes/Level1/7/E8/QIQPODT5NWG4TOORY4H0XV
 |- Actor Path: /Game/GameContent/Scenes/Level1.Level1:PersistentLevel.StaticMeshActor_UAID_A8A159100C21632802_1460107162
 |- Actor Package: /Game/__ExternalActors__/GameContent/Scenes/Level1/C/LU/11OS03KLWU62H8W2TL77CA
 |- Actor Path: /Game/GameContent/Scenes/Level1.Level1:PersistentLevel.StaticMeshActor_UAID_A8A159100C21682802_1790319043
 |- Actor Package: /Game/__ExternalActors__/GameContent/Scenes/Level1/2/PD/1A91Y30DOZWM1MUTWZTOVK
 |- Actor Path: /Game/GameContent/Scenes/Level1.Level1:PersistentLevel.StaticMeshActor_UAID_A8A159100C21682802_1795178044
 |- Actor Package: /Game/__ExternalActors__/GameContent/Scenes/Level1/5/OO/07O8JOJCIBO3IKNRHE7BFX
 |- Actor Path: /Game/GameContent/Scenes/Level1.Level1:PersistentLevel.StaticMeshActor_UAID_A8A159100C21682802_1889461045
 |- Actor Package: /Game/__ExternalActors__/GameContent/Scenes/Level1/4/PT/BD5EG4U64D45Q9SYW7L1IM
 |- Actor Path: /Game/GameContent/Scenes/Level1.Level1:PersistentLevel.StaticMeshActor_UAID_A8A159100C21682802_1938099048
 |- Actor Package: /Game/__ExternalActors__/GameContent/Scenes/Level1/2/R5/64LFB3BX0ZQ6LNUMI4RBGV
 |- Actor Path: /Game/GameContent/Scenes/Level1.Level1:PersistentLevel.StaticMeshActor_UAID_A8A159100C21682802_1938101049
 |- Actor Package: /Game/__ExternalActors__/GameContent/Scenes/Level1/B/UW/EXT5KV40JBIEP7GM2GJSPZ
 |- Actor Path: /Game/GameContent/Scenes/Level1.Level1:PersistentLevel.StaticMeshActor_UAID_A8A159100C21682802_1938103050
 |- Actor Package: /Game/__ExternalActors__/GameContent/Scenes/Level1/8/Y1/JVFKST975ZCH0DYSUU0N7M
 |- Actor Path: /Game/GameContent/Scenes/Level1.Level1:PersistentLevel.StaticMeshActor_UAID_A8A159100C21682802_1938104051
 |- Actor Package: /Game/__ExternalActors__/GameContent/Scenes/Level1/B/CL/Y4L0JW8XJHU491B2VO701G
 |- Actor Path: /Game/GameContent/Scenes/Level1.Level1:PersistentLevel.StaticMeshActor_UAID_A8A159100C21682802_1958351052
 |- Actor Package: /Game/__ExternalActors__/GameContent/Scenes/Level1/A/SC/L0VNHQA3AX1FNTRVNB346K
 |- Actor Path: /Game/GameContent/Scenes/Level1.Level1:PersistentLevel.StaticMeshActor_UAID_A8A159100C21682802_2098981057
 |- Actor Package: /Game/__ExternalActors__/GameContent/Scenes/Level1/2/31/3I0HA8FKA0S73QZNPPY1S1
 |- Actor Path: /Game/GameContent/Scenes/Level1.Level1:PersistentLevel.StaticMeshActor_UAID_A8A159100C21682802_2098984058
 |- Actor Package: /Game/__ExternalActors__/GameContent/Scenes/Level1/9/K5/6CSSVN6BG3CH8VUDAGTZ8K
 |- Actor Path: /Game/GameContent/Scenes/Level1.Level1:PersistentLevel.StaticMeshActor_UAID_A8A159100C21682802_2098985059
 |- Actor Package: /Game/__ExternalActors__/GameContent/Scenes/Level1/2/RW/CZKNUV5XVUQ0RANBJUMDLD
 |- Actor Path: /Game/GameContent/Scenes/Level1.Level1:PersistentLevel.StaticMeshActor_UAID_A8A159100C21682802_2098987060
 |- Actor Package: /Game/__ExternalActors__/GameContent/Scenes/Level1/8/7B/NKCCJL0D3DVQRJFQMKXUO6
 |- Actor Path: /Game/GameContent/Scenes/Level1.Level1:PersistentLevel.StaticMeshActor_UAID_A8A159100C21682802_2098988061
 |- Actor Package: /Game/__ExternalActors__/GameContent/Scenes/Level1/5/Y7/1TCNBDHVMTZKD2O86LG2KB
 |- Actor Path: /Game/GameContent/Scenes/Level1.Level1:PersistentLevel.StaticMeshActor_UAID_A8A159100C21682802_2098989062
 |- Actor Package: /Game/__ExternalActors__/GameContent/Scenes/Level1/4/X0/158O7F755B0E5XSGXZHCW0
 |- Actor Path: /Game/GameContent/Scenes/Level1.Level1:PersistentLevel.StaticMeshActor_UAID_A8A159100C21682802_2098990063
 |- Actor Package: /Game/__ExternalActors__/GameContent/Scenes/Level1/8/AG/RROGFAEF2XUW57U8IUQK14
 |- Actor Path: /Game/GameContent/Scenes/Level1.Level1:PersistentLevel.StaticMeshActor_UAID_A8A159100C21682802_2098992064
 |- Actor Package: /Game/__ExternalActors__/GameContent/Scenes/Level1/4/EU/XYNX2CUYMSYZF65C7VDJB5
 |- Actor Path: /Game/GameContent/Scenes/Level1.Level1:PersistentLevel.StaticMeshActor_UAID_A8A159100C21692802_1082677245
 |- Actor Package: /Game/__ExternalActors__/GameContent/Scenes/Level1/B/YO/2Z6WE9DSY3NU1TSTM4O215
 |- Actor Path: /Game/GameContent/Scenes/Level1.Level1:PersistentLevel.StaticMeshActor_UAID_A8A159100C21692802_1082679246
 |- Actor Package: /Game/__ExternalActors__/GameContent/Scenes/Level1/8/1C/8RV3WC1CSBLFVZ6XZ2AXQQ
 |- Actor Path: /Game/GameContent/Scenes/Level1.Level1:PersistentLevel.StaticMeshActor_UAID_A8A159100C21692802_1082681247
 |- Actor Package: /Game/__ExternalActors__/GameContent/Scenes/Level1/4/Z7/OY5VG7ITC2BRGV4KBEE82P
 |- Actor Path: /Game/GameContent/Scenes/Level1.Level1:PersistentLevel.StaticMeshActor_UAID_A8A159100C21692802_1082682248
 |- Actor Package: /Game/__ExternalActors__/GameContent/Scenes/Level1/5/PG/1XN98GAIQS81TLOYG3SYVN
 |- Actor Path: /Game/GameContent/Scenes/Level1.Level1:PersistentLevel.Target_C_UAID_A8A159100C21402802_1238707002
 |- Actor Package: /Game/__ExternalActors__/GameContent/Scenes/Level1/4/FQ/GGQRT6Y99FT2F0F2YCBSFN
 |- Actor Path: /Game/GameContent/Scenes/Level1.Level1:PersistentLevel.Target_C_UAID_A8A159100C21432802_1540444532
 |- Actor Package: /Game/__ExternalActors__/GameContent/Scenes/Level1/E/T0/E3BZA73MPKAUSMLYUWWWWY
 |- Actor Path: /Game/GameContent/Scenes/Level1.Level1:PersistentLevel.Target_C_UAID_A8A159100C21432802_1545126533
 |- Actor Package: /Game/__ExternalActors__/GameContent/Scenes/Level1/0/M4/IG38S2992M0VB864SXBPDG
 |- Actor Path: /Game/GameContent/Scenes/Level1.Level1:PersistentLevel.VolumetricCloud_0
 |- Actor Package: /Game/__ExternalActors__/GameContent/Scenes/Level1/6/P6/XFKKIAAOOHDLZ4A05TXAN2
 |- Actor Path: /Game/GameContent/Scenes/Level1.Level1:PersistentLevel.WorldDataLayers
 |- Actor Package: /Game/__ExternalActors__/GameContent/Scenes/Level1/6/QJ/1AX1TWUXYCZMV400UHTTEU

----------------------------------------------------------------------------------------------------------------
Level1 - Runtime Hash Set
----------------------------------------------------------------------------------------------------------------

