[+] Containers:
 |- [+] Container: /Game/FirstPerson/Maps/Level1
 |   |- [+] ActorDescs:
 |   |   |- Guid:1FAE43514AC7D29B0D3747BC7B9D77C3 BaseClass: NativeClass:/Script/Engine.SkyAtmosphere Name:SkyAtmosphere_0 Label:SkyAtmosphere SpatiallyLoaded:0 Bounds:IsValid=true, Min=(X=0.000 Y=0.000 Z=1020.000), Max=(X=0.000 Y=0.000 Z=1020.000) RuntimeGrid:None EditorOnly:0 RuntimeOnly:0 HLODRelevant:0 ListedInSceneOutliner:1 IsMainWorldOnly:0 FolderPath:Lighting FolderGuid:0BA5F0A04EADB18E70D5B180D08FA34B
 |   |   |- Guid:20577C48418F4707E803E18F7DC6E9C6 BaseClass: NativeClass:/Script/Engine.ExponentialHeightFog Name:ExponentialHeightFog_0 Label:ExponentialHeightFog SpatiallyLoaded:0 Bounds:IsValid=true, Min=(X=-5600.000 Y=-50.000 Z=-6850.000), Max=(X=-5600.000 Y=-50.000 Z=-6850.000) RuntimeGrid:None EditorOnly:0 RuntimeOnly:0 HLODRelevant:0 ListedInSceneOutliner:1 IsMainWorldOnly:0 FolderPath:Lighting FolderGuid:0BA5F0A04EADB18E70D5B180D08FA34B
 |   |   |- Guid:28262E5C4F25082E6D2C0C8FE01443A7 BaseClass:/Game/GameContent/Objects/Hazards/BP_Hazard_Stationary.BP_Hazard_Stationary_C NativeClass:/Script/Engine.Actor Name:BP_Hazard_Stationary_C_UAID_00E04C2403DBA92502_1945558311 Label:BP_Hazard_Stationary SpatiallyLoaded:1 Bounds:IsValid=true, Min=(X=1260.000 Y=1260.000 Z=0.000), Max=(X=1360.000 Y=1360.000 Z=100.000) RuntimeGrid:None EditorOnly:0 RuntimeOnly:0 HLODRelevant:0 ListedInSceneOutliner:1 IsMainWorldOnly:0
 |   |   |- Guid:31640CDC4D974C676C450F8DC5E6F2F5 BaseClass:/Game/GameContent/Objects/Hazards/BP_Hazard_MoveBetween.BP_Hazard_MoveBetween_C NativeClass:/Script/Engine.Actor Name:BP_Hazard_MoveBetween_C_UAID_00E04C2403DBAE2502_2026667197 Label:BP_Hazard_MoveBetween SpatiallyLoaded:1 Bounds:IsValid=true, Min=(X=1300.000 Y=500.000 Z=0.000), Max=(X=1400.000 Y=600.000 Z=100.000) RuntimeGrid:None EditorOnly:0 RuntimeOnly:0 HLODRelevant:0 ListedInSceneOutliner:1 IsMainWorldOnly:0
 |   |   |- Guid:3D17EA144227D121CA728788D251FFF3 BaseClass: NativeClass:/Script/Engine.WorldDataLayers Name:WorldDataLayers Label:WorldDataLayers SpatiallyLoaded:0 Bounds:Invalid RuntimeGrid:None EditorOnly:0 RuntimeOnly:0 HLODRelevant:0 ListedInSceneOutliner:1 IsMainWorldOnly:1
 |   |   |- Guid:3E98253B4B2C05A4C1DBC0A53DA98512 BaseClass:/Game/GameContent/Objects/Hazards/BP_Hazard_Stationary.BP_Hazard_Stationary_C NativeClass:/Script/Engine.Actor Name:BP_Hazard_Stationary_C_UAID_00E04C2403DBAB2502_1867519667 Label:BP_Hazard_Stationary3 SpatiallyLoaded:1 Bounds:IsValid=true, Min=(X=760.000 Y=1240.000 Z=0.000), Max=(X=860.000 Y=1340.000 Z=100.000) RuntimeGrid:None EditorOnly:0 RuntimeOnly:0 HLODRelevant:0 ListedInSceneOutliner:1 IsMainWorldOnly:0
 |   |   |- Guid:67FCC79F43D77C94F771B1B053BE95A4 BaseClass: NativeClass:/Script/Engine.PostProcessVolume Name:PostProcessVolume_0 Label:PostProcessVolume SpatiallyLoaded:0 Bounds:IsValid=true, Min=(X=0.000 Y=0.000 Z=400.000), Max=(X=200.000 Y=200.000 Z=600.000) RuntimeGrid:None EditorOnly:0 RuntimeOnly:0 HLODRelevant:0 ListedInSceneOutliner:1 IsMainWorldOnly:0 FolderPath:Lighting FolderGuid:0BA5F0A04EADB18E70D5B180D08FA34B
 |   |   |- Guid:6935E31B41B8843F957CDA842B6C49B6 BaseClass: NativeClass:/Script/Engine.PlayerStart Name:PlayerStart_0 Label:PlayerStart SpatiallyLoaded:0 Bounds:IsValid=true, Min=(X=860.000 Y=810.000 Z=0.013), Max=(X=940.000 Y=890.000 Z=184.013) RuntimeGrid:None EditorOnly:0 RuntimeOnly:0 HLODRelevant:0 ListedInSceneOutliner:1 IsMainWorldOnly:0
 |   |   |- Guid:9095FD304534C544DAFE75B7A81DEF82 BaseClass: NativeClass:/Script/Engine.StaticMeshActor Name:StaticMeshActor_UAID_A4AE111137DC5EFB00_2001720423 Label:SM_SkySphere SpatiallyLoaded:0 Bounds:IsValid=true, Min=(X=-1637260.000 Y=-1640120.000 Z=-1639680.000), Max=(X=1639540.000 Y=1636680.000 Z=1637120.000) RuntimeGrid:None EditorOnly:0 RuntimeOnly:0 HLODRelevant:0 ListedInSceneOutliner:1 IsMainWorldOnly:0 FolderPath:Lighting FolderGuid:0BA5F0A04EADB18E70D5B180D08FA34B
 |   |   |- Guid:942FF99B4288C09D542BD8BC8F454F61 BaseClass:/Game/GameContent/Objects/Hazards/BP_Hazard_Stationary.BP_Hazard_Stationary_C NativeClass:/Script/Engine.Actor Name:BP_Hazard_Stationary_C_UAID_00E04C2403DBAB2502_1858488666 Label:BP_Hazard_Stationary2 SpatiallyLoaded:1 Bounds:IsValid=true, Min=(X=990.000 Y=1250.000 Z=0.000), Max=(X=1090.000 Y=1350.000 Z=100.000) RuntimeGrid:None EditorOnly:0 RuntimeOnly:0 HLODRelevant:0 ListedInSceneOutliner:1 IsMainWorldOnly:0
 |   |   |- Guid:AC96407347A40CE13B5ACCBFE64C0F13 BaseClass: NativeClass:/Script/Engine.VolumetricCloud Name:VolumetricCloud_0 Label:VolumetricCloud SpatiallyLoaded:0 Bounds:IsValid=true, Min=(X=0.000 Y=0.000 Z=820.000), Max=(X=0.000 Y=0.000 Z=820.000) RuntimeGrid:None EditorOnly:0 RuntimeOnly:0 HLODRelevant:0 ListedInSceneOutliner:1 IsMainWorldOnly:0 FolderPath:Lighting FolderGuid:0BA5F0A04EADB18E70D5B180D08FA34B
 |   |   |- Guid:BC71CF84465C7A76EFC2F1A56430B840 BaseClass: NativeClass:/Script/Engine.SkyLight Name:SkyLight_0 Label:SkyLight SpatiallyLoaded:0 Bounds:IsValid=true, Min=(X=0.000 Y=0.000 Z=690.000), Max=(X=0.000 Y=0.000 Z=690.000) RuntimeGrid:None EditorOnly:0 RuntimeOnly:0 HLODRelevant:0 ListedInSceneOutliner:1 IsMainWorldOnly:0 FolderPath:Lighting FolderGuid:0BA5F0A04EADB18E70D5B180D08FA34B
 |   |   |- Guid:CA62F2E644FDA781CABC178F3BA019FE BaseClass:/Game/GameContent/Objects/Hazards/BP_Hazard_MoveTo.BP_Hazard_MoveTo_C NativeClass:/Script/Engine.Actor Name:BP_Hazard_MoveTo_C_UAID_00E04C2403DBAF2502_1096132375 Label:BP_Hazard_MoveTo SpatiallyLoaded:1 Bounds:IsValid=true, Min=(X=910.000 Y=500.000 Z=0.000), Max=(X=1010.000 Y=600.000 Z=100.000) RuntimeGrid:None EditorOnly:0 RuntimeOnly:0 HLODRelevant:0 ListedInSceneOutliner:1 IsMainWorldOnly:0
 |   |   |- Guid:CC52C4714C27C513B3CB52BFB5AEF5A7 BaseClass:/Game/FirstPerson/Blueprints/BP_Pickup_Rifle.BP_Pickup_Rifle_C NativeClass:/Script/Engine.Actor Name:BP_Rifle_C_1 Label:BP_Pickup_Rifle SpatiallyLoaded:1 Bounds:IsValid=true, Min=(X=1378.000 Y=818.000 Z=64.000), Max=(X=1442.000 Y=907.440 Z=128.000) RuntimeGrid:None EditorOnly:0 RuntimeOnly:0 HLODRelevant:0 ListedInSceneOutliner:1 IsMainWorldOnly:0
 |   |   |- Guid:DDD0D8024793A0983D29BCB58BC9BD9C BaseClass:/Game/GameContent/Objects/Pickups/BP_Pickup_Ammo.BP_Pickup_Ammo_C NativeClass:/Script/Engine.Actor Name:BP_Pickup_Ammo_C_UAID_00E04C2403DB962602_1294920024 Label:BP_Pickup_Ammo SpatiallyLoaded:1 Bounds:IsValid=true, Min=(X=357.500 Y=1227.500 Z=10.000), Max=(X=382.500 Y=1252.500 Z=110.000) RuntimeGrid:None EditorOnly:0 RuntimeOnly:0 HLODRelevant:0 ListedInSceneOutliner:1 IsMainWorldOnly:0
 |   |   |- Guid:F292F5A94F1982E67B9A9999E17FBC2C BaseClass: NativeClass:/Script/Engine.DirectionalLight Name:DirectionalLight_1 Label:DirectionalLight SpatiallyLoaded:0 Bounds:Invalid RuntimeGrid:None EditorOnly:0 RuntimeOnly:0 HLODRelevant:0 ListedInSceneOutliner:1 IsMainWorldOnly:0 FolderPath:Lighting FolderGuid:0BA5F0A04EADB18E70D5B180D08FA34B
 |   |   |- Guid:F3CBC0EB455CD25DEBB15CB796801F9D BaseClass:/Game/GameContent/Objects/Pickups/Health.Health_C NativeClass:/Script/Engine.Actor Name:Health_C_UAID_A8A159100C21402802_1496122003 Label:Health SpatiallyLoaded:1 Bounds:IsValid=true, Min=(X=567.500 Y=2207.500 Z=70.000), Max=(X=592.500 Y=2232.500 Z=95.000) RuntimeGrid:None EditorOnly:0 RuntimeOnly:0 HLODRelevant:0 ListedInSceneOutliner:1 IsMainWorldOnly:0
 |   |   |- Guid:F9DE058140A187EB155AB9BB56DF9F79 BaseClass: NativeClass:/Script/Engine.StaticMeshActor Name:StaticMeshActor_0 Label:SM_Cube SpatiallyLoaded:1 Bounds:IsValid=true, Min=(X=0.000 Y=0.000 Z=-50.000), Max=(X=10000.000 Y=10000.000 Z=0.000) RuntimeGrid:None EditorOnly:0 RuntimeOnly:0 HLODRelevant:1 ListedInSceneOutliner:1 IsMainWorldOnly:0 FolderPath:Playground FolderGuid:6C02BB504B69D1F3D7A624B130C18E5B
 |   |   |- Guid:FB90A56C4521FC052E377E8FC33EBE6A BaseClass:/Game/GameContent/Objects/Target.Target_C NativeClass:/Script/Engine.Actor Name:Target_C_UAID_A8A159100C21402802_1238707002 Label:Target SpatiallyLoaded:1 Bounds:IsValid=true, Min=(X=355.000 Y=1775.000 Z=20.000), Max=(X=405.000 Y=1785.000 Z=70.000) RuntimeGrid:None EditorOnly:0 RuntimeOnly:0 HLODRelevant:0 ListedInSceneOutliner:1 IsMainWorldOnly:0
 |   |- [+] Clusters:
 |   |   |- [+] [  0]
 |   |   |   |- Guid:1FAE43514AC7D29B0D3747BC7B9D77C3 BaseClass: NativeClass:/Script/Engine.SkyAtmosphere Name:SkyAtmosphere_0 Label:SkyAtmosphere SpatiallyLoaded:0 Bounds:IsValid=true, Min=(X=0.000 Y=0.000 Z=1020.000), Max=(X=0.000 Y=0.000 Z=1020.000) RuntimeGrid:None EditorOnly:0 RuntimeOnly:0 HLODRelevant:0 ListedInSceneOutliner:1 IsMainWorldOnly:0 FolderPath:Lighting FolderGuid:0BA5F0A04EADB18E70D5B180D08FA34B
 |   |   |- [+] [  1]
 |   |   |   |- Guid:20577C48418F4707E803E18F7DC6E9C6 BaseClass: NativeClass:/Script/Engine.ExponentialHeightFog Name:ExponentialHeightFog_0 Label:ExponentialHeightFog SpatiallyLoaded:0 Bounds:IsValid=true, Min=(X=-5600.000 Y=-50.000 Z=-6850.000), Max=(X=-5600.000 Y=-50.000 Z=-6850.000) RuntimeGrid:None EditorOnly:0 RuntimeOnly:0 HLODRelevant:0 ListedInSceneOutliner:1 IsMainWorldOnly:0 FolderPath:Lighting FolderGuid:0BA5F0A04EADB18E70D5B180D08FA34B
 |   |   |- [+] [  2]
 |   |   |   |- Guid:28262E5C4F25082E6D2C0C8FE01443A7 BaseClass:/Game/GameContent/Objects/Hazards/BP_Hazard_Stationary.BP_Hazard_Stationary_C NativeClass:/Script/Engine.Actor Name:BP_Hazard_Stationary_C_UAID_00E04C2403DBA92502_1945558311 Label:BP_Hazard_Stationary SpatiallyLoaded:1 Bounds:IsValid=true, Min=(X=1260.000 Y=1260.000 Z=0.000), Max=(X=1360.000 Y=1360.000 Z=100.000) RuntimeGrid:None EditorOnly:0 RuntimeOnly:0 HLODRelevant:0 ListedInSceneOutliner:1 IsMainWorldOnly:0
 |   |   |- [+] [  3]
 |   |   |   |- Guid:31640CDC4D974C676C450F8DC5E6F2F5 BaseClass:/Game/GameContent/Objects/Hazards/BP_Hazard_MoveBetween.BP_Hazard_MoveBetween_C NativeClass:/Script/Engine.Actor Name:BP_Hazard_MoveBetween_C_UAID_00E04C2403DBAE2502_2026667197 Label:BP_Hazard_MoveBetween SpatiallyLoaded:1 Bounds:IsValid=true, Min=(X=1300.000 Y=500.000 Z=0.000), Max=(X=1400.000 Y=600.000 Z=100.000) RuntimeGrid:None EditorOnly:0 RuntimeOnly:0 HLODRelevant:0 ListedInSceneOutliner:1 IsMainWorldOnly:0
 |   |   |- [+] [  4]
 |   |   |   |- Guid:3D17EA144227D121CA728788D251FFF3 BaseClass: NativeClass:/Script/Engine.WorldDataLayers Name:WorldDataLayers Label:WorldDataLayers SpatiallyLoaded:0 Bounds:Invalid RuntimeGrid:None EditorOnly:0 RuntimeOnly:0 HLODRelevant:0 ListedInSceneOutliner:1 IsMainWorldOnly:1
 |   |   |- [+] [  5]
 |   |   |   |- Guid:3E98253B4B2C05A4C1DBC0A53DA98512 BaseClass:/Game/GameContent/Objects/Hazards/BP_Hazard_Stationary.BP_Hazard_Stationary_C NativeClass:/Script/Engine.Actor Name:BP_Hazard_Stationary_C_UAID_00E04C2403DBAB2502_1867519667 Label:BP_Hazard_Stationary3 SpatiallyLoaded:1 Bounds:IsValid=true, Min=(X=760.000 Y=1240.000 Z=0.000), Max=(X=860.000 Y=1340.000 Z=100.000) RuntimeGrid:None EditorOnly:0 RuntimeOnly:0 HLODRelevant:0 ListedInSceneOutliner:1 IsMainWorldOnly:0
 |   |   |- [+] [  6]
 |   |   |   |- Guid:67FCC79F43D77C94F771B1B053BE95A4 BaseClass: NativeClass:/Script/Engine.PostProcessVolume Name:PostProcessVolume_0 Label:PostProcessVolume SpatiallyLoaded:0 Bounds:IsValid=true, Min=(X=0.000 Y=0.000 Z=400.000), Max=(X=200.000 Y=200.000 Z=600.000) RuntimeGrid:None EditorOnly:0 RuntimeOnly:0 HLODRelevant:0 ListedInSceneOutliner:1 IsMainWorldOnly:0 FolderPath:Lighting FolderGuid:0BA5F0A04EADB18E70D5B180D08FA34B
 |   |   |- [+] [  7]
 |   |   |   |- Guid:6935E31B41B8843F957CDA842B6C49B6 BaseClass: NativeClass:/Script/Engine.PlayerStart Name:PlayerStart_0 Label:PlayerStart SpatiallyLoaded:0 Bounds:IsValid=true, Min=(X=860.000 Y=810.000 Z=0.013), Max=(X=940.000 Y=890.000 Z=184.013) RuntimeGrid:None EditorOnly:0 RuntimeOnly:0 HLODRelevant:0 ListedInSceneOutliner:1 IsMainWorldOnly:0
 |   |   |- [+] [  8]
 |   |   |   |- Guid:9095FD304534C544DAFE75B7A81DEF82 BaseClass: NativeClass:/Script/Engine.StaticMeshActor Name:StaticMeshActor_UAID_A4AE111137DC5EFB00_2001720423 Label:SM_SkySphere SpatiallyLoaded:0 Bounds:IsValid=true, Min=(X=-1637260.000 Y=-1640120.000 Z=-1639680.000), Max=(X=1639540.000 Y=1636680.000 Z=1637120.000) RuntimeGrid:None EditorOnly:0 RuntimeOnly:0 HLODRelevant:0 ListedInSceneOutliner:1 IsMainWorldOnly:0 FolderPath:Lighting FolderGuid:0BA5F0A04EADB18E70D5B180D08FA34B
 |   |   |- [+] [  9]
 |   |   |   |- Guid:942FF99B4288C09D542BD8BC8F454F61 BaseClass:/Game/GameContent/Objects/Hazards/BP_Hazard_Stationary.BP_Hazard_Stationary_C NativeClass:/Script/Engine.Actor Name:BP_Hazard_Stationary_C_UAID_00E04C2403DBAB2502_1858488666 Label:BP_Hazard_Stationary2 SpatiallyLoaded:1 Bounds:IsValid=true, Min=(X=990.000 Y=1250.000 Z=0.000), Max=(X=1090.000 Y=1350.000 Z=100.000) RuntimeGrid:None EditorOnly:0 RuntimeOnly:0 HLODRelevant:0 ListedInSceneOutliner:1 IsMainWorldOnly:0
 |   |   |- [+] [ 10]
 |   |   |   |- Guid:AC96407347A40CE13B5ACCBFE64C0F13 BaseClass: NativeClass:/Script/Engine.VolumetricCloud Name:VolumetricCloud_0 Label:VolumetricCloud SpatiallyLoaded:0 Bounds:IsValid=true, Min=(X=0.000 Y=0.000 Z=820.000), Max=(X=0.000 Y=0.000 Z=820.000) RuntimeGrid:None EditorOnly:0 RuntimeOnly:0 HLODRelevant:0 ListedInSceneOutliner:1 IsMainWorldOnly:0 FolderPath:Lighting FolderGuid:0BA5F0A04EADB18E70D5B180D08FA34B
 |   |   |- [+] [ 11]
 |   |   |   |- Guid:BC71CF84465C7A76EFC2F1A56430B840 BaseClass: NativeClass:/Script/Engine.SkyLight Name:SkyLight_0 Label:SkyLight SpatiallyLoaded:0 Bounds:IsValid=true, Min=(X=0.000 Y=0.000 Z=690.000), Max=(X=0.000 Y=0.000 Z=690.000) RuntimeGrid:None EditorOnly:0 RuntimeOnly:0 HLODRelevant:0 ListedInSceneOutliner:1 IsMainWorldOnly:0 FolderPath:Lighting FolderGuid:0BA5F0A04EADB18E70D5B180D08FA34B
 |   |   |- [+] [ 12]
 |   |   |   |- Guid:CA62F2E644FDA781CABC178F3BA019FE BaseClass:/Game/GameContent/Objects/Hazards/BP_Hazard_MoveTo.BP_Hazard_MoveTo_C NativeClass:/Script/Engine.Actor Name:BP_Hazard_MoveTo_C_UAID_00E04C2403DBAF2502_1096132375 Label:BP_Hazard_MoveTo SpatiallyLoaded:1 Bounds:IsValid=true, Min=(X=910.000 Y=500.000 Z=0.000), Max=(X=1010.000 Y=600.000 Z=100.000) RuntimeGrid:None EditorOnly:0 RuntimeOnly:0 HLODRelevant:0 ListedInSceneOutliner:1 IsMainWorldOnly:0
 |   |   |- [+] [ 13]
 |   |   |   |- Guid:CC52C4714C27C513B3CB52BFB5AEF5A7 BaseClass:/Game/FirstPerson/Blueprints/BP_Pickup_Rifle.BP_Pickup_Rifle_C NativeClass:/Script/Engine.Actor Name:BP_Rifle_C_1 Label:BP_Pickup_Rifle SpatiallyLoaded:1 Bounds:IsValid=true, Min=(X=1378.000 Y=818.000 Z=64.000), Max=(X=1442.000 Y=907.440 Z=128.000) RuntimeGrid:None EditorOnly:0 RuntimeOnly:0 HLODRelevant:0 ListedInSceneOutliner:1 IsMainWorldOnly:0
 |   |   |- [+] [ 14]
 |   |   |   |- Guid:DDD0D8024793A0983D29BCB58BC9BD9C BaseClass:/Game/GameContent/Objects/Pickups/BP_Pickup_Ammo.BP_Pickup_Ammo_C NativeClass:/Script/Engine.Actor Name:BP_Pickup_Ammo_C_UAID_00E04C2403DB962602_1294920024 Label:BP_Pickup_Ammo SpatiallyLoaded:1 Bounds:IsValid=true, Min=(X=357.500 Y=1227.500 Z=10.000), Max=(X=382.500 Y=1252.500 Z=110.000) RuntimeGrid:None EditorOnly:0 RuntimeOnly:0 HLODRelevant:0 ListedInSceneOutliner:1 IsMainWorldOnly:0
 |   |   |- [+] [ 15]
 |   |   |   |- Guid:F292F5A94F1982E67B9A9999E17FBC2C BaseClass: NativeClass:/Script/Engine.DirectionalLight Name:DirectionalLight_1 Label:DirectionalLight SpatiallyLoaded:0 Bounds:Invalid RuntimeGrid:None EditorOnly:0 RuntimeOnly:0 HLODRelevant:0 ListedInSceneOutliner:1 IsMainWorldOnly:0 FolderPath:Lighting FolderGuid:0BA5F0A04EADB18E70D5B180D08FA34B
 |   |   |- [+] [ 16]
 |   |   |   |- Guid:F3CBC0EB455CD25DEBB15CB796801F9D BaseClass:/Game/GameContent/Objects/Pickups/Health.Health_C NativeClass:/Script/Engine.Actor Name:Health_C_UAID_A8A159100C21402802_1496122003 Label:Health SpatiallyLoaded:1 Bounds:IsValid=true, Min=(X=567.500 Y=2207.500 Z=70.000), Max=(X=592.500 Y=2232.500 Z=95.000) RuntimeGrid:None EditorOnly:0 RuntimeOnly:0 HLODRelevant:0 ListedInSceneOutliner:1 IsMainWorldOnly:0
 |   |   |- [+] [ 17]
 |   |   |   |- Guid:F9DE058140A187EB155AB9BB56DF9F79 BaseClass: NativeClass:/Script/Engine.StaticMeshActor Name:StaticMeshActor_0 Label:SM_Cube SpatiallyLoaded:1 Bounds:IsValid=true, Min=(X=0.000 Y=0.000 Z=-50.000), Max=(X=10000.000 Y=10000.000 Z=0.000) RuntimeGrid:None EditorOnly:0 RuntimeOnly:0 HLODRelevant:1 ListedInSceneOutliner:1 IsMainWorldOnly:0 FolderPath:Playground FolderGuid:6C02BB504B69D1F3D7A624B130C18E5B
 |   |   |- [+] [ 18]
 |   |   |   |- Guid:FB90A56C4521FC052E377E8FC33EBE6A BaseClass:/Game/GameContent/Objects/Target.Target_C NativeClass:/Script/Engine.Actor Name:Target_C_UAID_A8A159100C21402802_1238707002 Label:Target SpatiallyLoaded:1 Bounds:IsValid=true, Min=(X=355.000 Y=1775.000 Z=20.000), Max=(X=405.000 Y=1785.000 Z=70.000) RuntimeGrid:None EditorOnly:0 RuntimeOnly:0 HLODRelevant:0 ListedInSceneOutliner:1 IsMainWorldOnly:0
 |- ContainerInstances:
 |- [+] MainContainer:
 |   |-        ID: 00000000000000000000000000000000
 |   |-  ParentID: 00000000000000000000000000000000
 |   |-    Bounds: IsValid=false, Min=(X=0.000 Y=0.000 Z=0.000), Max=(X=0.000 Y=0.000 Z=0.000)
 |   |- Transform: 0.000000,0.000000,0.000000|0.000000,0.000000,-0.000000|1.000000,1.000000,1.000000
 |   |- Container: /Game/FirstPerson/Maps/Level1
----------------------------------------------------------------------------------------------------------------
Level1 - Persistent Level
----------------------------------------------------------------------------------------------------------------
[+] Content of Level1 Persistent Level
 |- Always loaded Actor Count: 19 
 |- Actor Path: /Game/FirstPerson/Maps/UEDPIE_0_Level1.Level1:PersistentLevel.BP_Hazard_MoveBetween_C_UAID_00E04C2403DBAE2502_2026667197
 |- Actor Package: /Game/FirstPerson/Maps/UEDPIE_0_Level1_InstanceOf_/Game/__ExternalActors__/FirstPerson/Maps/Level1/8/VS/RB3FFYADXI1JP9WJ286A53
 |- Actor Path: /Game/FirstPerson/Maps/UEDPIE_0_Level1.Level1:PersistentLevel.BP_Hazard_MoveTo_C_UAID_00E04C2403DBAF2502_1096132375
 |- Actor Package: /Game/FirstPerson/Maps/UEDPIE_0_Level1_InstanceOf_/Game/__ExternalActors__/FirstPerson/Maps/Level1/0/KB/8NBRWLSLYYSIJCMVR7IV7T
 |- Actor Path: /Game/FirstPerson/Maps/UEDPIE_0_Level1.Level1:PersistentLevel.BP_Hazard_Stationary_C_UAID_00E04C2403DBA92502_1945558311
 |- Actor Package: /Game/FirstPerson/Maps/UEDPIE_0_Level1_InstanceOf_/Game/__ExternalActors__/FirstPerson/Maps/Level1/7/RS/RT8R15GAA406QQYRN19K5A
 |- Actor Path: /Game/FirstPerson/Maps/UEDPIE_0_Level1.Level1:PersistentLevel.BP_Hazard_Stationary_C_UAID_00E04C2403DBAB2502_1858488666
 |- Actor Package: /Game/FirstPerson/Maps/UEDPIE_0_Level1_InstanceOf_/Game/__ExternalActors__/FirstPerson/Maps/Level1/2/VY/7TKIUI379P9LKWZV88EUHB
 |- Actor Path: /Game/FirstPerson/Maps/UEDPIE_0_Level1.Level1:PersistentLevel.BP_Hazard_Stationary_C_UAID_00E04C2403DBAB2502_1867519667
 |- Actor Package: /Game/FirstPerson/Maps/UEDPIE_0_Level1_InstanceOf_/Game/__ExternalActors__/FirstPerson/Maps/Level1/4/RA/NT3HOTP4Z1T4KOD4P3YEDO
 |- Actor Path: /Game/FirstPerson/Maps/UEDPIE_0_Level1.Level1:PersistentLevel.BP_Pickup_Ammo_C_UAID_00E04C2403DB962602_1294920024
 |- Actor Package: /Game/FirstPerson/Maps/UEDPIE_0_Level1_InstanceOf_/Game/__ExternalActors__/FirstPerson/Maps/Level1/6/86/WWPFGMZQKBI0AGVH4JWKL1
 |- Actor Path: /Game/FirstPerson/Maps/UEDPIE_0_Level1.Level1:PersistentLevel.BP_Rifle_C_1
 |- Actor Package: /Game/FirstPerson/Maps/UEDPIE_0_Level1_InstanceOf_/Game/__ExternalActors__/FirstPerson/Maps/Level1/C/D5/9GGKLZ7Y2YEL4PHFKPPK8D
 |- Actor Path: /Game/FirstPerson/Maps/UEDPIE_0_Level1.Level1:PersistentLevel.DirectionalLight_1
 |- Actor Package: /Game/FirstPerson/Maps/UEDPIE_0_Level1_InstanceOf_/Game/__ExternalActors__/FirstPerson/Maps/Level1/6/92/TAF8EQS4HG1VS8NTSQ491G
 |- Actor Path: /Game/FirstPerson/Maps/UEDPIE_0_Level1.Level1:PersistentLevel.ExponentialHeightFog_0
 |- Actor Package: /Game/FirstPerson/Maps/UEDPIE_0_Level1_InstanceOf_/Game/__ExternalActors__/FirstPerson/Maps/Level1/B/7N/APC0YEOJJTP8NN6M1PJPZP
 |- Actor Path: /Game/FirstPerson/Maps/UEDPIE_0_Level1.Level1:PersistentLevel.Health_C_UAID_A8A159100C21402802_1496122003
 |- Actor Package: /Game/FirstPerson/Maps/UEDPIE_0_Level1_InstanceOf_/Game/__ExternalActors__/FirstPerson/Maps/Level1/0/HB/O6G4AY678WXUY3HVN3HB25
 |- Actor Path: /Game/FirstPerson/Maps/UEDPIE_0_Level1.Level1:PersistentLevel.PlayerStart_0
 |- Actor Package: /Game/FirstPerson/Maps/UEDPIE_0_Level1_InstanceOf_/Game/__ExternalActors__/FirstPerson/Maps/Level1/5/98/E1JCSVHE84KH03D7IWV3OR
 |- Actor Path: /Game/FirstPerson/Maps/UEDPIE_0_Level1.Level1:PersistentLevel.PostProcessVolume_0
 |- Actor Package: /Game/FirstPerson/Maps/UEDPIE_0_Level1_InstanceOf_/Game/__ExternalActors__/FirstPerson/Maps/Level1/6/DW/IWNPGWPLA70WVGMC0XPV5X
 |- Actor Path: /Game/FirstPerson/Maps/UEDPIE_0_Level1.Level1:PersistentLevel.SkyAtmosphere_0
 |- Actor Package: /Game/FirstPerson/Maps/UEDPIE_0_Level1_InstanceOf_/Game/__ExternalActors__/FirstPerson/Maps/Level1/9/XB/O4DEANRGN1E4WY5AASEAMF
 |- Actor Path: /Game/FirstPerson/Maps/UEDPIE_0_Level1.Level1:PersistentLevel.SkyLight_0
 |- Actor Package: /Game/FirstPerson/Maps/UEDPIE_0_Level1_InstanceOf_/Game/__ExternalActors__/FirstPerson/Maps/Level1/3/WE/YYXB2UBFNWL7B7X47K262M
 |- Actor Path: /Game/FirstPerson/Maps/UEDPIE_0_Level1.Level1:PersistentLevel.StaticMeshActor_0
 |- Actor Package: /Game/FirstPerson/Maps/UEDPIE_0_Level1_InstanceOf_/Game/__ExternalActors__/FirstPerson/Maps/Level1/4/8V/URGAVYQD5Z7ZYCAA9T77FO
 |- Actor Path: /Game/FirstPerson/Maps/UEDPIE_0_Level1.Level1:PersistentLevel.StaticMeshActor_UAID_A4AE111137DC5EFB00_2001720423
 |- Actor Package: /Game/FirstPerson/Maps/UEDPIE_0_Level1_InstanceOf_/Game/__ExternalActors__/FirstPerson/Maps/Level1/1/BG/RRLOX1D6O8B99GQG2P9LD4
 |- Actor Path: /Game/FirstPerson/Maps/UEDPIE_0_Level1.Level1:PersistentLevel.Target_C_UAID_A8A159100C21402802_1238707002
 |- Actor Package: /Game/FirstPerson/Maps/UEDPIE_0_Level1_InstanceOf_/Game/__ExternalActors__/FirstPerson/Maps/Level1/E/IQ/PGZJFH1LC1SB3U65713ONN
 |- Actor Path: /Game/FirstPerson/Maps/UEDPIE_0_Level1.Level1:PersistentLevel.VolumetricCloud_0
 |- Actor Package: /Game/FirstPerson/Maps/UEDPIE_0_Level1_InstanceOf_/Game/__ExternalActors__/FirstPerson/Maps/Level1/3/WD/6U8BX78E31GXK4I94TT4MZ
 |- Actor Path: /Game/FirstPerson/Maps/UEDPIE_0_Level1.Level1:PersistentLevel.WorldDataLayers
 |- Actor Package: /Game/__ExternalActors__/FirstPerson/Maps/Level1/D/W0/WS7QB85XFNASOP0MWAHMBW

----------------------------------------------------------------------------------------------------------------
Level1 - Runtime Hash Set
----------------------------------------------------------------------------------------------------------------

